"../../../../../Documents/Char/Game/Content/Widget/BP_OutCome.uasset" 0
"../../../../../Documents/Char/Game/Content/BluePrints/BP_OutCome.uasset" 1
"../../../../../Documents/Char/Game/Content/BluePrints/BP_Playerchara.uasset" 2
"../../../../../Documents/Char/Game/Content/BluePrints/BP_GameManager.uasset" 3
"../../../../../Documents/Char/Game/Content/Widget/BP_PointWidget_1P.uasset" 4
"../../../../../Documents/Char/Game/Content/BluePrints/BP_PointWidget.uasset" 5
"../../../../../Documents/Char/Game/Content/Texturs/1P.uasset" 6
"../../../../../Documents/Char/Game/Content/Texturs/2P.uasset" 7
"../../../../../Documents/Char/Game/Content/Widget/Widget_Remaining.uasset" 8
"../../../../../Documents/Char/Game/Content/BluePrints/Widget_Remaining.uasset" 9
"../../../../../Documents/Char/Game/Content/BluePrints/Points.uasset" 10
"../../../../../Documents/Char/Game/Content/Texturs/Title_Logo.uasset" 11
"../../../../../Documents/Char/Game/Content/Widget/Title_Widget.uasset" 12
"../../../../../Documents/Char/Game/Content/BluePrints/Title_Widget.uasset" 13
"../../../Engine/Content/MapTemplates/Materials/BasicAsset03.uasset" 14
"../../../../../Documents/Char/Game/Content/Geometry/Meshes/1M_Cube.uasset" 15
"../../../../../Documents/Char/Game/Content/Geometry/Meshes/CubeMaterial.uasset" 16
"../../../../../Documents/Char/Game/Content/Geometry/Meshes/1M_Cube_Chamfer.uasset" 17
"../../../../../Documents/Char/Game/Content/Geometry/Meshes/TemplateFloor.uasset" 18
"../../../../../Documents/Char/Game/Content/Mannequin/Character/Mesh/UE4_Mannequin_Skeleton.uasset" 19
"../../../../../Documents/Char/Game/Content/Mannequin/Animations/ThirdPersonJump_End.uasset" 20
"../../../../../Documents/Char/Game/Content/Mannequin/Animations/ThirdPerson_Jump.uasset" 21
"../../../../../Documents/Char/Game/Content/Mannequin/Animations/ThirdPersonJump_Loop.uasset" 22
"../../../../../Documents/Char/Game/Content/Mannequin/Animations/ThirdPersonJump_Start.uasset" 23
"../../../../../Documents/Char/Game/Content/Mannequin/Animations/ThirdPersonIdle.uasset" 24
"../../../../../Documents/Char/Game/Content/Mannequin/Animations/ThirdPersonRun.uasset" 25
"../../../../../Documents/Char/Game/Content/Mannequin/Animations/ThirdPersonWalk.uasset" 26
"../../../../../Documents/Char/Game/Content/Mannequin/Animations/ThirdPerson_IdleRun_2D.uasset" 27
"../../../Engine/Content/EditorBlueprintResources/StandardMacros.uasset" 28
"../../../../../Documents/Char/Game/Content/Mannequin/Animations/ThirdPerson_AnimBP.uasset" 29
"../../../Engine/Content/Functions/Engine_MaterialFunctions02/Utility/BlendAngleCorrectedNormals.uasset" 30
"../../../Engine/Content/Functions/MaterialLayerFunctions/MatLayerBlend_NormalBlend.uasset" 31
"../../../Engine/Content/Functions/MaterialLayerFunctions/MatLayerBlend_Simple.uasset" 32
"../../../../../Documents/Char/Game/Content/Mannequin/Character/Materials/MaterialLayers/T_ML_Rubber_Blue_01_D.uasset" 33
"../../../../../Documents/Char/Game/Content/Mannequin/Character/Materials/MaterialLayers/T_ML_Rubber_Blue_01_N.uasset" 34
"../../../../../Documents/Char/Game/Content/Mannequin/Character/Materials/MaterialLayers/ML_GlossyBlack_Latex_UE4.uasset" 35
"../../../../../Documents/Char/Game/Content/Mannequin/Character/Materials/MaterialLayers/ML_Plastic_Shiny_Beige.uasset" 36
"../../../../../Documents/Char/Game/Content/Mannequin/Character/Textures/UE4_LOGO_CARD.uasset" 37
"../../../../../Documents/Char/Game/Content/Mannequin/Character/Materials/MaterialLayers/ML_Plastic_Shiny_Beige_LOGO.uasset" 38
"../../../../../Documents/Char/Game/Content/Mannequin/Character/Materials/MaterialLayers/T_ML_Aluminum01.uasset" 39
"../../../../../Documents/Char/Game/Content/Mannequin/Character/Materials/MaterialLayers/T_ML_Aluminum01_N.uasset" 40
"../../../../../Documents/Char/Game/Content/Mannequin/Character/Materials/MaterialLayers/ML_SoftMetal_UE4.uasset" 41
"../../../../../Documents/Char/Game/Content/Mannequin/Character/Textures/UE4_Mannequin__normals.uasset" 42
"../../../../../Documents/Char/Game/Content/Mannequin/Character/Textures/UE4_Mannequin_MAT_MASKA.uasset" 43
"../../../../../Documents/Char/Game/Content/Mannequin/Character/Materials/M_UE4Man_Body.uasset" 44
"../../../../../Documents/Char/Game/Content/Mannequin/Character/Textures/UE4Man_Logo_N.uasset" 45
"../../../../../Documents/Char/Game/Content/Mannequin/Character/Materials/M_UE4Man_ChestLogo.uasset" 46
"../../../../../Documents/Char/Game/Content/Mannequin/Character/Mesh/SK_Mannequin_PhysicsAsset.uasset" 47
"../../../../../Documents/Char/Game/Content/Mannequin/Character/Mesh/SK_Mannequin.uasset" 48
"../../../../../Documents/Char/Game/Content/Texturs/Map/Map2_lambert3_BaseColor.uasset" 49
"../../../../../Documents/Char/Game/Content/Texturs/Map/Map2_lambert3_Normal.uasset" 50
"../../../../../Documents/Char/Game/Content/Texturs/Map/Map2_lambert3_OcclusionRoughnessMetallic.uasset" 51
"../../../../../Documents/Char/Game/Content/Materials/Brue.uasset" 52
"../../../../../Documents/Char/Game/Content/Texturs/Map/Map2_lambert4_BaseColor.uasset" 53
"../../../../../Documents/Char/Game/Content/Texturs/Map/Map2_lambert4_Normal.uasset" 54
"../../../../../Documents/Char/Game/Content/Texturs/Map/Map2_lambert4_OcclusionRoughnessMetallic.uasset" 55
"../../../../../Documents/Char/Game/Content/Materials/Isu.uasset" 56
"../../../../../Documents/Char/Game/Content/Texturs/Map/Map2_lambert1_BaseColor.uasset" 57
"../../../../../Documents/Char/Game/Content/Texturs/Map/Map2_lambert1_Normal.uasset" 58
"../../../../../Documents/Char/Game/Content/Texturs/Map/Map2_lambert1_OcclusionRoughnessMetallic.uasset" 59
"../../../../../Documents/Char/Game/Content/Materials/Map3.uasset" 60
"../../../../../Documents/Char/Game/Content/Texturs/ALLMap/ALlMap_lambert1_BaseColor.uasset" 61
"../../../../../Documents/Char/Game/Content/Texturs/ALLMap/ALlMap_lambert1_Normal.uasset" 62
"../../../../../Documents/Char/Game/Content/Texturs/ALLMap/ALlMap_lambert1_OcclusionRoughnessMetallic.uasset" 63
"../../../../../Documents/Char/Game/Content/Materials/ALLMap/ALL.uasset" 64
"../../../../../Documents/Char/Game/Content/Texturs/ALLMap/ALlMap_lambert4_BaseColor.uasset" 65
"../../../../../Documents/Char/Game/Content/Texturs/ALLMap/ALlMap_lambert4_Normal.uasset" 66
"../../../../../Documents/Char/Game/Content/Texturs/ALLMap/ALlMap_lambert4_OcclusionRoughnessMetallic.uasset" 67
"../../../../../Documents/Char/Game/Content/Materials/ALLMap/Isu.uasset" 68
"../../../../../Documents/Char/Game/Content/Materials/s.uasset" 69
"../../../../../Documents/Char/Game/Content/Mesh/Map/ClearWall.uasset" 70
"../../../../../Documents/Char/Game/Content/Mesh/ClearWall.uasset" 71
"../../../../../Documents/Char/Game/Content/Texturs/map2.uasset" 72
"../../../../../Documents/Char/Game/Content/Materials/map2.uasset" 73
"../../../../../Documents/Char/Game/Content/Mesh/Map/Floor.uasset" 74
"../../../../../Documents/Char/Game/Content/Mesh/Floor.uasset" 75
"../../../../../Documents/Char/Game/Content/Mesh/Map/Floor_line.uasset" 76
"../../../../../Documents/Char/Game/Content/Mesh/Floor_line.uasset" 77
"../../../../../Documents/Char/Game/Content/Mesh/Map/Goal.uasset" 78
"../../../../../Documents/Char/Game/Content/Mesh/Goal.uasset" 79
"../../../../../Documents/Char/Game/Content/Mesh/Map/Wall.uasset" 80
"../../../../../Documents/Char/Game/Content/Mesh/Wall.uasset" 81
"../../../../../Documents/Char/Game/Content/Mesh/Human/blinn1.uasset" 82
"../../../../../Documents/Char/Game/Content/Mesh/Human/lambert1.uasset" 83
"../../../../../Documents/Char/Game/Content/Mesh/Human/Human3_PhysicsAsset.uasset" 84
"../../../../../Documents/Char/Game/Content/Mesh/Human/Human_Skeleton.uasset" 85
"../../../../../Documents/Char/Game/Content/Mesh/Human/Human3.uasset" 86
"../../../../../Documents/Char/Game/Content/Mesh/isu/lambert7.uasset" 87
"../../../../../Documents/Char/Game/Content/Mesh/isu/lambert9.uasset" 88
"../../../../../Documents/Char/Game/Content/Mesh/isu/isu4_Backrest.uasset" 89
"../../../../../Documents/Char/Game/Content/Mesh/isu/lambert1.uasset" 90
"../../../../../Documents/Char/Game/Content/Mesh/isu/isu4_Brush14.uasset" 91
"../../../../../Documents/Char/Game/Content/Mesh/isu/isu4_Brush15.uasset" 92
"../../../../../Documents/Char/Game/Content/Mesh/isu/isu4_Brush16.uasset" 93
"../../../../../Documents/Char/Game/Content/Mesh/isu/isu4_Brush17.uasset" 94
"../../../../../Documents/Char/Game/Content/Mesh/isu/isu4_Leg.uasset" 95
"../../../../../Documents/Char/Game/Content/Mesh/isu/isu4_Sit.uasset" 96
"../../../../../Documents/Char/Game/Content/Mesh/isu/blinn2.uasset" 97
"../../../../../Documents/Char/Game/Content/Mesh/isu/isu4_stic.uasset" 98
"../../../../../Documents/Char/Game/Content/Mesh/newMAP/lambert1.uasset" 99
"../../../../../Documents/Char/Game/Content/Mesh/newMAP/Map4_cube1.uasset" 100
"../../../../../Documents/Char/Game/Content/Mesh/newMAP/Map4_cube10.uasset" 101
"../../../../../Documents/Char/Game/Content/Mesh/newMAP/Map4_cube100.uasset" 102
"../../../../../Documents/Char/Game/Content/Mesh/newMAP/Map4_cube101.uasset" 103
"../../../../../Documents/Char/Game/Content/Mesh/newMAP/Map4_cube102.uasset" 104
"../../../../../Documents/Char/Game/Content/Mesh/newMAP/Map4_cube103.uasset" 105
"../../../../../Documents/Char/Game/Content/Mesh/newMAP/Map4_cube104.uasset" 106
"../../../../../Documents/Char/Game/Content/Mesh/newMAP/Map4_cube105.uasset" 107
"../../../../../Documents/Char/Game/Content/Mesh/newMAP/Map4_cube106.uasset" 108
"../../../../../Documents/Char/Game/Content/Mesh/newMAP/Map4_cube107.uasset" 109
"../../../../../Documents/Char/Game/Content/Mesh/newMAP/Map4_cube108.uasset" 110
"../../../../../Documents/Char/Game/Content/Mesh/newMAP/Map4_cube109.uasset" 111
"../../../../../Documents/Char/Game/Content/Mesh/newMAP/Map4_cube11.uasset" 112
"../../../../../Documents/Char/Game/Content/Mesh/newMAP/Map4_cube110.uasset" 113
"../../../../../Documents/Char/Game/Content/Mesh/newMAP/Map4_cube111.uasset" 114
"../../../../../Documents/Char/Game/Content/Mesh/newMAP/Map4_cube112.uasset" 115
"../../../../../Documents/Char/Game/Content/Mesh/newMAP/Map4_cube113.uasset" 116
"../../../../../Documents/Char/Game/Content/Mesh/newMAP/Map4_cube114.uasset" 117
"../../../../../Documents/Char/Game/Content/Mesh/newMAP/Map4_cube115.uasset" 118
"../../../../../Documents/Char/Game/Content/Mesh/newMAP/Map4_cube116.uasset" 119
"../../../../../Documents/Char/Game/Content/Mesh/newMAP/Map4_cube117.uasset" 120
"../../../../../Documents/Char/Game/Content/Mesh/newMAP/Map4_cube118.uasset" 121
"../../../../../Documents/Char/Game/Content/Mesh/newMAP/Map4_cube119.uasset" 122
"../../../../../Documents/Char/Game/Content/Mesh/newMAP/Map4_cube12.uasset" 123
"../../../../../Documents/Char/Game/Content/Mesh/newMAP/Map4_cube120.uasset" 124
"../../../../../Documents/Char/Game/Content/Mesh/newMAP/Map4_cube121.uasset" 125
"../../../../../Documents/Char/Game/Content/Mesh/newMAP/Map4_cube122.uasset" 126
"../../../../../Documents/Char/Game/Content/Mesh/newMAP/Map4_cube123.uasset" 127
"../../../../../Documents/Char/Game/Content/Mesh/newMAP/Map4_cube124.uasset" 128
"../../../../../Documents/Char/Game/Content/Mesh/newMAP/Map4_cube125.uasset" 129
"../../../../../Documents/Char/Game/Content/Mesh/newMAP/Map4_cube126.uasset" 130
"../../../../../Documents/Char/Game/Content/Mesh/newMAP/Map4_cube127.uasset" 131
"../../../../../Documents/Char/Game/Content/Mesh/newMAP/Map4_cube128.uasset" 132
"../../../../../Documents/Char/Game/Content/Mesh/newMAP/Map4_cube129.uasset" 133
"../../../../../Documents/Char/Game/Content/Mesh/newMAP/Map4_cube13.uasset" 134
"../../../../../Documents/Char/Game/Content/Mesh/newMAP/Map4_cube130.uasset" 135
"../../../../../Documents/Char/Game/Content/Mesh/newMAP/Map4_cube131.uasset" 136
"../../../../../Documents/Char/Game/Content/Mesh/newMAP/Map4_cube132.uasset" 137
"../../../../../Documents/Char/Game/Content/Mesh/newMAP/Map4_cube133.uasset" 138
"../../../../../Documents/Char/Game/Content/Mesh/newMAP/Map4_cube134.uasset" 139
"../../../../../Documents/Char/Game/Content/Mesh/newMAP/Map4_cube135.uasset" 140
"../../../../../Documents/Char/Game/Content/Mesh/newMAP/Map4_cube136.uasset" 141
"../../../../../Documents/Char/Game/Content/Mesh/newMAP/Map4_cube137.uasset" 142
"../../../../../Documents/Char/Game/Content/Mesh/newMAP/Map4_cube138.uasset" 143
"../../../../../Documents/Char/Game/Content/Mesh/newMAP/Map4_cube139.uasset" 144
"../../../../../Documents/Char/Game/Content/Mesh/newMAP/Map4_cube14.uasset" 145
"../../../../../Documents/Char/Game/Content/Mesh/newMAP/Map4_cube140.uasset" 146
"../../../../../Documents/Char/Game/Content/Mesh/newMAP/Map4_cube141.uasset" 147
"../../../../../Documents/Char/Game/Content/Mesh/newMAP/Map4_cube142.uasset" 148
"../../../../../Documents/Char/Game/Content/Mesh/newMAP/Map4_cube143.uasset" 149
"../../../../../Documents/Char/Game/Content/Mesh/newMAP/Map4_cube144.uasset" 150
"../../../../../Documents/Char/Game/Content/Mesh/newMAP/Map4_cube145.uasset" 151
"../../../../../Documents/Char/Game/Content/Mesh/newMAP/Map4_cube146.uasset" 152
"../../../../../Documents/Char/Game/Content/Mesh/newMAP/Map4_cube147.uasset" 153
"../../../../../Documents/Char/Game/Content/Mesh/newMAP/Map4_cube148.uasset" 154
"../../../../../Documents/Char/Game/Content/Mesh/newMAP/Map4_cube149.uasset" 155
"../../../../../Documents/Char/Game/Content/Mesh/newMAP/Map4_cube15.uasset" 156
"../../../../../Documents/Char/Game/Content/Mesh/newMAP/Map4_cube150.uasset" 157
"../../../../../Documents/Char/Game/Content/Mesh/newMAP/Map4_cube151.uasset" 158
"../../../../../Documents/Char/Game/Content/Mesh/newMAP/Map4_cube152.uasset" 159
"../../../../../Documents/Char/Game/Content/Mesh/newMAP/Map4_cube153.uasset" 160
"../../../../../Documents/Char/Game/Content/Mesh/newMAP/Map4_cube154.uasset" 161
"../../../../../Documents/Char/Game/Content/Mesh/newMAP/Map4_cube155.uasset" 162
"../../../../../Documents/Char/Game/Content/Mesh/newMAP/Map4_cube156.uasset" 163
"../../../../../Documents/Char/Game/Content/Mesh/newMAP/Map4_cube157.uasset" 164
"../../../../../Documents/Char/Game/Content/Mesh/newMAP/Map4_cube158.uasset" 165
"../../../../../Documents/Char/Game/Content/Mesh/newMAP/Map4_cube159.uasset" 166
"../../../../../Documents/Char/Game/Content/Mesh/newMAP/Map4_cube16.uasset" 167
"../../../../../Documents/Char/Game/Content/Mesh/newMAP/Map4_cube160.uasset" 168
"../../../../../Documents/Char/Game/Content/Mesh/newMAP/Map4_cube161.uasset" 169
"../../../../../Documents/Char/Game/Content/Mesh/newMAP/Map4_cube162.uasset" 170
"../../../../../Documents/Char/Game/Content/Mesh/newMAP/Map4_cube163.uasset" 171
"../../../../../Documents/Char/Game/Content/Mesh/newMAP/Map4_cube164.uasset" 172
"../../../../../Documents/Char/Game/Content/Mesh/newMAP/Map4_cube165.uasset" 173
"../../../../../Documents/Char/Game/Content/Mesh/newMAP/Map4_cube166.uasset" 174
"../../../../../Documents/Char/Game/Content/Mesh/newMAP/Map4_cube167.uasset" 175
"../../../../../Documents/Char/Game/Content/Mesh/newMAP/Map4_cube168.uasset" 176
"../../../../../Documents/Char/Game/Content/Mesh/newMAP/Map4_cube169.uasset" 177
"../../../../../Documents/Char/Game/Content/Mesh/newMAP/Map4_cube17.uasset" 178
"../../../../../Documents/Char/Game/Content/Mesh/newMAP/Map4_cube170.uasset" 179
"../../../../../Documents/Char/Game/Content/Mesh/newMAP/Map4_cube171.uasset" 180
"../../../../../Documents/Char/Game/Content/Mesh/newMAP/Map4_cube172.uasset" 181
"../../../../../Documents/Char/Game/Content/Mesh/newMAP/Map4_cube173.uasset" 182
"../../../../../Documents/Char/Game/Content/Mesh/newMAP/Map4_cube174.uasset" 183
"../../../../../Documents/Char/Game/Content/Mesh/newMAP/Map4_cube175.uasset" 184
"../../../../../Documents/Char/Game/Content/Mesh/newMAP/Map4_cube176.uasset" 185
"../../../../../Documents/Char/Game/Content/Mesh/newMAP/Map4_cube177.uasset" 186
"../../../../../Documents/Char/Game/Content/Mesh/newMAP/Map4_cube178.uasset" 187
"../../../../../Documents/Char/Game/Content/Mesh/newMAP/Map4_cube179.uasset" 188
"../../../../../Documents/Char/Game/Content/Mesh/newMAP/Map4_cube18.uasset" 189
"../../../../../Documents/Char/Game/Content/Mesh/newMAP/Map4_cube180.uasset" 190
"../../../../../Documents/Char/Game/Content/Mesh/newMAP/Map4_cube181.uasset" 191
"../../../../../Documents/Char/Game/Content/Mesh/newMAP/Map4_cube182.uasset" 192
"../../../../../Documents/Char/Game/Content/Mesh/newMAP/Map4_cube183.uasset" 193
"../../../../../Documents/Char/Game/Content/Mesh/newMAP/Map4_cube184.uasset" 194
"../../../../../Documents/Char/Game/Content/Mesh/newMAP/Map4_cube185.uasset" 195
"../../../../../Documents/Char/Game/Content/Mesh/newMAP/Map4_cube186.uasset" 196
"../../../../../Documents/Char/Game/Content/Mesh/newMAP/Map4_cube187.uasset" 197
"../../../../../Documents/Char/Game/Content/Mesh/newMAP/Map4_cube188.uasset" 198
"../../../../../Documents/Char/Game/Content/Mesh/newMAP/Map4_cube189.uasset" 199
"../../../../../Documents/Char/Game/Content/Mesh/newMAP/Map4_cube19.uasset" 200
"../../../../../Documents/Char/Game/Content/Mesh/newMAP/Map4_cube190.uasset" 201
"../../../../../Documents/Char/Game/Content/Mesh/newMAP/Map4_cube191.uasset" 202
"../../../../../Documents/Char/Game/Content/Mesh/newMAP/Map4_cube192.uasset" 203
"../../../../../Documents/Char/Game/Content/Mesh/newMAP/Map4_cube193.uasset" 204
"../../../../../Documents/Char/Game/Content/Mesh/newMAP/Map4_cube194.uasset" 205
"../../../../../Documents/Char/Game/Content/Mesh/newMAP/Map4_cube195.uasset" 206
"../../../../../Documents/Char/Game/Content/Mesh/newMAP/Map4_cube196.uasset" 207
"../../../../../Documents/Char/Game/Content/Mesh/newMAP/Map4_cube197.uasset" 208
"../../../../../Documents/Char/Game/Content/Mesh/newMAP/Map4_cube198.uasset" 209
"../../../../../Documents/Char/Game/Content/Mesh/newMAP/Map4_cube199.uasset" 210
"../../../../../Documents/Char/Game/Content/Mesh/newMAP/Map4_cube2.uasset" 211
"../../../../../Documents/Char/Game/Content/Mesh/newMAP/Map4_cube20.uasset" 212
"../../../../../Documents/Char/Game/Content/Mesh/newMAP/Map4_cube200.uasset" 213
"../../../../../Documents/Char/Game/Content/Mesh/newMAP/Map4_cube201.uasset" 214
"../../../../../Documents/Char/Game/Content/Mesh/newMAP/Map4_cube202.uasset" 215
"../../../../../Documents/Char/Game/Content/Mesh/newMAP/Map4_cube203.uasset" 216
"../../../../../Documents/Char/Game/Content/Mesh/newMAP/Map4_cube204.uasset" 217
"../../../../../Documents/Char/Game/Content/Mesh/newMAP/Map4_cube205.uasset" 218
"../../../../../Documents/Char/Game/Content/Mesh/newMAP/Map4_cube206.uasset" 219
"../../../../../Documents/Char/Game/Content/Mesh/newMAP/Map4_cube207.uasset" 220
"../../../../../Documents/Char/Game/Content/Mesh/newMAP/Map4_cube208.uasset" 221
"../../../../../Documents/Char/Game/Content/Mesh/newMAP/Map4_cube209.uasset" 222
"../../../../../Documents/Char/Game/Content/Mesh/newMAP/Map4_cube21.uasset" 223
"../../../../../Documents/Char/Game/Content/Mesh/newMAP/Map4_cube210.uasset" 224
"../../../../../Documents/Char/Game/Content/Mesh/newMAP/Map4_cube211.uasset" 225
"../../../../../Documents/Char/Game/Content/Mesh/newMAP/Map4_cube212.uasset" 226
"../../../../../Documents/Char/Game/Content/Mesh/newMAP/Map4_cube213.uasset" 227
"../../../../../Documents/Char/Game/Content/Mesh/newMAP/Map4_cube214.uasset" 228
"../../../../../Documents/Char/Game/Content/Mesh/newMAP/Map4_cube215.uasset" 229
"../../../../../Documents/Char/Game/Content/Mesh/newMAP/Map4_cube216.uasset" 230
"../../../../../Documents/Char/Game/Content/Mesh/newMAP/Map4_cube217.uasset" 231
"../../../../../Documents/Char/Game/Content/Mesh/newMAP/Map4_cube218.uasset" 232
"../../../../../Documents/Char/Game/Content/Mesh/newMAP/Map4_cube219.uasset" 233
"../../../../../Documents/Char/Game/Content/Mesh/newMAP/Map4_cube22.uasset" 234
"../../../../../Documents/Char/Game/Content/Mesh/newMAP/Map4_cube220.uasset" 235
"../../../../../Documents/Char/Game/Content/Mesh/newMAP/Map4_cube221.uasset" 236
"../../../../../Documents/Char/Game/Content/Mesh/newMAP/Map4_cube222.uasset" 237
"../../../../../Documents/Char/Game/Content/Mesh/newMAP/Map4_cube223.uasset" 238
"../../../../../Documents/Char/Game/Content/Mesh/newMAP/Map4_cube224.uasset" 239
"../../../../../Documents/Char/Game/Content/Mesh/newMAP/Map4_cube225.uasset" 240
"../../../../../Documents/Char/Game/Content/Mesh/newMAP/Map4_cube226.uasset" 241
"../../../../../Documents/Char/Game/Content/Mesh/newMAP/Map4_cube227.uasset" 242
"../../../../../Documents/Char/Game/Content/Mesh/newMAP/Map4_cube228.uasset" 243
"../../../../../Documents/Char/Game/Content/Mesh/newMAP/Map4_cube229.uasset" 244
"../../../../../Documents/Char/Game/Content/Mesh/newMAP/Map4_cube23.uasset" 245
"../../../../../Documents/Char/Game/Content/Mesh/newMAP/Map4_cube230.uasset" 246
"../../../../../Documents/Char/Game/Content/Mesh/newMAP/Map4_cube231.uasset" 247
"../../../../../Documents/Char/Game/Content/Mesh/newMAP/Map4_cube232.uasset" 248
"../../../../../Documents/Char/Game/Content/Mesh/newMAP/Map4_cube233.uasset" 249
"../../../../../Documents/Char/Game/Content/Mesh/newMAP/Map4_cube234.uasset" 250
"../../../../../Documents/Char/Game/Content/Mesh/newMAP/Map4_cube235.uasset" 251
"../../../../../Documents/Char/Game/Content/Mesh/newMAP/Map4_cube236.uasset" 252
"../../../../../Documents/Char/Game/Content/Mesh/newMAP/Map4_cube237.uasset" 253
"../../../../../Documents/Char/Game/Content/Mesh/newMAP/Map4_cube238.uasset" 254
"../../../../../Documents/Char/Game/Content/Mesh/newMAP/Map4_cube239.uasset" 255
"../../../../../Documents/Char/Game/Content/Mesh/newMAP/Map4_cube24.uasset" 256
"../../../../../Documents/Char/Game/Content/Mesh/newMAP/Map4_cube240.uasset" 257
"../../../../../Documents/Char/Game/Content/Mesh/newMAP/Map4_cube241.uasset" 258
"../../../../../Documents/Char/Game/Content/Mesh/newMAP/Map4_cube242.uasset" 259
"../../../../../Documents/Char/Game/Content/Mesh/newMAP/Map4_cube243.uasset" 260
"../../../../../Documents/Char/Game/Content/Mesh/newMAP/Map4_cube244.uasset" 261
"../../../../../Documents/Char/Game/Content/Mesh/newMAP/Map4_cube245.uasset" 262
"../../../../../Documents/Char/Game/Content/Mesh/newMAP/Map4_cube246.uasset" 263
"../../../../../Documents/Char/Game/Content/Mesh/newMAP/Map4_cube247.uasset" 264
"../../../../../Documents/Char/Game/Content/Mesh/newMAP/Map4_cube248.uasset" 265
"../../../../../Documents/Char/Game/Content/Mesh/newMAP/Map4_cube249.uasset" 266
"../../../../../Documents/Char/Game/Content/Mesh/newMAP/Map4_cube25.uasset" 267
"../../../../../Documents/Char/Game/Content/Mesh/newMAP/Map4_cube250.uasset" 268
"../../../../../Documents/Char/Game/Content/Mesh/newMAP/Map4_cube251.uasset" 269
"../../../../../Documents/Char/Game/Content/Mesh/newMAP/Map4_cube252.uasset" 270
"../../../../../Documents/Char/Game/Content/Mesh/newMAP/Map4_cube253.uasset" 271
"../../../../../Documents/Char/Game/Content/Mesh/newMAP/Map4_cube254.uasset" 272
"../../../../../Documents/Char/Game/Content/Mesh/newMAP/Map4_cube255.uasset" 273
"../../../../../Documents/Char/Game/Content/Mesh/newMAP/Map4_cube256.uasset" 274
"../../../../../Documents/Char/Game/Content/Mesh/newMAP/Map4_cube257.uasset" 275
"../../../../../Documents/Char/Game/Content/Mesh/newMAP/Map4_cube258.uasset" 276
"../../../../../Documents/Char/Game/Content/Mesh/newMAP/Map4_cube259.uasset" 277
"../../../../../Documents/Char/Game/Content/Mesh/newMAP/Map4_cube26.uasset" 278
"../../../../../Documents/Char/Game/Content/Mesh/newMAP/Map4_cube260.uasset" 279
"../../../../../Documents/Char/Game/Content/Mesh/newMAP/Map4_cube261.uasset" 280
"../../../../../Documents/Char/Game/Content/Mesh/newMAP/Map4_cube262.uasset" 281
"../../../../../Documents/Char/Game/Content/Mesh/newMAP/Map4_cube263.uasset" 282
"../../../../../Documents/Char/Game/Content/Mesh/newMAP/Map4_cube264.uasset" 283
"../../../../../Documents/Char/Game/Content/Mesh/newMAP/Map4_cube265.uasset" 284
"../../../../../Documents/Char/Game/Content/Mesh/newMAP/Map4_cube266.uasset" 285
"../../../../../Documents/Char/Game/Content/Mesh/newMAP/Map4_cube267.uasset" 286
"../../../../../Documents/Char/Game/Content/Mesh/newMAP/Map4_cube268.uasset" 287
"../../../../../Documents/Char/Game/Content/Mesh/newMAP/Map4_cube269.uasset" 288
"../../../../../Documents/Char/Game/Content/Mesh/newMAP/Map4_cube27.uasset" 289
"../../../../../Documents/Char/Game/Content/Mesh/newMAP/Map4_cube270.uasset" 290
"../../../../../Documents/Char/Game/Content/Mesh/newMAP/Map4_cube271.uasset" 291
"../../../../../Documents/Char/Game/Content/Mesh/newMAP/Map4_cube272.uasset" 292
"../../../../../Documents/Char/Game/Content/Mesh/newMAP/Map4_cube273.uasset" 293
"../../../../../Documents/Char/Game/Content/Mesh/newMAP/Map4_cube274.uasset" 294
"../../../../../Documents/Char/Game/Content/Mesh/newMAP/Map4_cube275.uasset" 295
"../../../../../Documents/Char/Game/Content/Mesh/newMAP/Map4_cube276.uasset" 296
"../../../../../Documents/Char/Game/Content/Mesh/newMAP/Map4_cube277.uasset" 297
"../../../../../Documents/Char/Game/Content/Mesh/newMAP/Map4_cube278.uasset" 298
"../../../../../Documents/Char/Game/Content/Mesh/newMAP/Map4_cube279.uasset" 299
"../../../../../Documents/Char/Game/Content/Mesh/newMAP/Map4_cube28.uasset" 300
"../../../../../Documents/Char/Game/Content/Mesh/newMAP/Map4_cube280.uasset" 301
"../../../../../Documents/Char/Game/Content/Mesh/newMAP/Map4_cube281.uasset" 302
"../../../../../Documents/Char/Game/Content/Mesh/newMAP/Map4_cube282.uasset" 303
"../../../../../Documents/Char/Game/Content/Mesh/newMAP/Map4_cube283.uasset" 304
"../../../../../Documents/Char/Game/Content/Mesh/newMAP/Map4_cube284.uasset" 305
"../../../../../Documents/Char/Game/Content/Mesh/newMAP/Map4_cube285.uasset" 306
"../../../../../Documents/Char/Game/Content/Mesh/newMAP/Map4_cube286.uasset" 307
"../../../../../Documents/Char/Game/Content/Mesh/newMAP/Map4_cube287.uasset" 308
"../../../../../Documents/Char/Game/Content/Mesh/newMAP/Map4_cube288.uasset" 309
"../../../../../Documents/Char/Game/Content/Mesh/newMAP/Map4_cube289.uasset" 310
"../../../../../Documents/Char/Game/Content/Mesh/newMAP/Map4_cube29.uasset" 311
"../../../../../Documents/Char/Game/Content/Mesh/newMAP/Map4_cube290.uasset" 312
"../../../../../Documents/Char/Game/Content/Mesh/newMAP/Map4_cube291.uasset" 313
"../../../../../Documents/Char/Game/Content/Mesh/newMAP/Map4_cube292.uasset" 314
"../../../../../Documents/Char/Game/Content/Mesh/newMAP/Map4_cube293.uasset" 315
"../../../../../Documents/Char/Game/Content/Mesh/newMAP/Map4_cube294.uasset" 316
"../../../../../Documents/Char/Game/Content/Mesh/newMAP/Map4_cube295.uasset" 317
"../../../../../Documents/Char/Game/Content/Mesh/newMAP/Map4_cube296.uasset" 318
"../../../../../Documents/Char/Game/Content/Mesh/newMAP/Map4_cube297.uasset" 319
"../../../../../Documents/Char/Game/Content/Mesh/newMAP/Map4_cube298.uasset" 320
"../../../../../Documents/Char/Game/Content/Mesh/newMAP/Map4_cube299.uasset" 321
"../../../../../Documents/Char/Game/Content/Mesh/newMAP/Map4_cube3.uasset" 322
"../../../../../Documents/Char/Game/Content/Mesh/newMAP/Map4_cube30.uasset" 323
"../../../../../Documents/Char/Game/Content/Mesh/newMAP/Map4_cube300.uasset" 324
"../../../../../Documents/Char/Game/Content/Mesh/newMAP/Map4_cube301.uasset" 325
"../../../../../Documents/Char/Game/Content/Mesh/newMAP/Map4_cube302.uasset" 326
"../../../../../Documents/Char/Game/Content/Mesh/newMAP/Map4_cube303.uasset" 327
"../../../../../Documents/Char/Game/Content/Mesh/newMAP/Map4_cube304.uasset" 328
"../../../../../Documents/Char/Game/Content/Mesh/newMAP/Map4_cube305.uasset" 329
"../../../../../Documents/Char/Game/Content/Mesh/newMAP/Map4_cube306.uasset" 330
"../../../../../Documents/Char/Game/Content/Mesh/newMAP/Map4_cube307.uasset" 331
"../../../../../Documents/Char/Game/Content/Mesh/newMAP/Map4_cube308.uasset" 332
"../../../../../Documents/Char/Game/Content/Mesh/newMAP/Map4_cube309.uasset" 333
"../../../../../Documents/Char/Game/Content/Mesh/newMAP/Map4_cube31.uasset" 334
"../../../../../Documents/Char/Game/Content/Mesh/newMAP/Map4_cube310.uasset" 335
"../../../../../Documents/Char/Game/Content/Mesh/newMAP/Map4_cube311.uasset" 336
"../../../../../Documents/Char/Game/Content/Mesh/newMAP/Map4_cube312.uasset" 337
"../../../../../Documents/Char/Game/Content/Mesh/newMAP/Map4_cube313.uasset" 338
"../../../../../Documents/Char/Game/Content/Mesh/newMAP/Map4_cube314.uasset" 339
"../../../../../Documents/Char/Game/Content/Mesh/newMAP/Map4_cube315.uasset" 340
"../../../../../Documents/Char/Game/Content/Mesh/newMAP/Map4_cube316.uasset" 341
"../../../../../Documents/Char/Game/Content/Mesh/newMAP/Map4_cube317.uasset" 342
"../../../../../Documents/Char/Game/Content/Mesh/newMAP/Map4_cube318.uasset" 343
"../../../../../Documents/Char/Game/Content/Mesh/newMAP/Map4_cube319.uasset" 344
"../../../../../Documents/Char/Game/Content/Mesh/newMAP/Map4_cube32.uasset" 345
"../../../../../Documents/Char/Game/Content/Mesh/newMAP/Map4_cube320.uasset" 346
"../../../../../Documents/Char/Game/Content/Mesh/newMAP/Map4_cube321.uasset" 347
"../../../../../Documents/Char/Game/Content/Mesh/newMAP/Map4_cube322.uasset" 348
"../../../../../Documents/Char/Game/Content/Mesh/newMAP/Map4_cube323.uasset" 349
"../../../../../Documents/Char/Game/Content/Mesh/newMAP/Map4_cube324.uasset" 350
"../../../../../Documents/Char/Game/Content/Mesh/newMAP/Map4_cube325.uasset" 351
"../../../../../Documents/Char/Game/Content/Mesh/newMAP/Map4_cube326.uasset" 352
"../../../../../Documents/Char/Game/Content/Mesh/newMAP/Map4_cube327.uasset" 353
"../../../../../Documents/Char/Game/Content/Mesh/newMAP/Map4_cube328.uasset" 354
"../../../../../Documents/Char/Game/Content/Mesh/newMAP/Map4_cube329.uasset" 355
"../../../../../Documents/Char/Game/Content/Mesh/newMAP/Map4_cube33.uasset" 356
"../../../../../Documents/Char/Game/Content/Mesh/newMAP/Map4_cube330.uasset" 357
"../../../../../Documents/Char/Game/Content/Mesh/newMAP/Map4_cube331.uasset" 358
"../../../../../Documents/Char/Game/Content/Mesh/newMAP/Map4_cube332.uasset" 359
"../../../../../Documents/Char/Game/Content/Mesh/newMAP/Map4_cube333.uasset" 360
"../../../../../Documents/Char/Game/Content/Mesh/newMAP/Map4_cube334.uasset" 361
"../../../../../Documents/Char/Game/Content/Mesh/newMAP/Map4_cube335.uasset" 362
"../../../../../Documents/Char/Game/Content/Mesh/newMAP/Map4_cube336.uasset" 363
"../../../../../Documents/Char/Game/Content/Mesh/newMAP/Map4_cube337.uasset" 364
"../../../../../Documents/Char/Game/Content/Mesh/newMAP/Map4_cube338.uasset" 365
"../../../../../Documents/Char/Game/Content/Mesh/newMAP/Map4_cube339.uasset" 366
"../../../../../Documents/Char/Game/Content/Mesh/newMAP/Map4_cube34.uasset" 367
"../../../../../Documents/Char/Game/Content/Mesh/newMAP/Map4_cube340.uasset" 368
"../../../../../Documents/Char/Game/Content/Mesh/newMAP/Map4_cube341.uasset" 369
"../../../../../Documents/Char/Game/Content/Mesh/newMAP/Map4_cube342.uasset" 370
"../../../../../Documents/Char/Game/Content/Mesh/newMAP/Map4_cube343.uasset" 371
"../../../../../Documents/Char/Game/Content/Mesh/newMAP/Map4_cube344.uasset" 372
"../../../../../Documents/Char/Game/Content/Mesh/newMAP/Map4_cube345.uasset" 373
"../../../../../Documents/Char/Game/Content/Mesh/newMAP/Map4_cube346.uasset" 374
"../../../../../Documents/Char/Game/Content/Mesh/newMAP/Map4_cube347.uasset" 375
"../../../../../Documents/Char/Game/Content/Mesh/newMAP/Map4_cube348.uasset" 376
"../../../../../Documents/Char/Game/Content/Mesh/newMAP/Map4_cube349.uasset" 377
"../../../../../Documents/Char/Game/Content/Mesh/newMAP/Map4_cube35.uasset" 378
"../../../../../Documents/Char/Game/Content/Mesh/newMAP/Map4_cube351.uasset" 379
"../../../../../Documents/Char/Game/Content/Mesh/newMAP/Map4_cube352.uasset" 380
"../../../../../Documents/Char/Game/Content/Mesh/newMAP/Map4_cube353.uasset" 381
"../../../../../Documents/Char/Game/Content/Mesh/newMAP/Map4_cube354.uasset" 382
"../../../../../Documents/Char/Game/Content/Mesh/newMAP/Map4_cube355.uasset" 383
"../../../../../Documents/Char/Game/Content/Mesh/newMAP/Map4_cube356.uasset" 384
"../../../../../Documents/Char/Game/Content/Mesh/newMAP/Map4_cube357.uasset" 385
"../../../../../Documents/Char/Game/Content/Mesh/newMAP/Map4_cube358.uasset" 386
"../../../../../Documents/Char/Game/Content/Mesh/newMAP/Map4_cube359.uasset" 387
"../../../../../Documents/Char/Game/Content/Mesh/newMAP/Map4_cube36.uasset" 388
"../../../../../Documents/Char/Game/Content/Mesh/newMAP/Map4_cube360.uasset" 389
"../../../../../Documents/Char/Game/Content/Mesh/newMAP/Map4_cube361.uasset" 390
"../../../../../Documents/Char/Game/Content/Mesh/newMAP/Map4_cube362.uasset" 391
"../../../../../Documents/Char/Game/Content/Mesh/newMAP/Map4_cube363.uasset" 392
"../../../../../Documents/Char/Game/Content/Mesh/newMAP/Map4_cube365.uasset" 393
"../../../../../Documents/Char/Game/Content/Mesh/newMAP/Map4_cube366.uasset" 394
"../../../../../Documents/Char/Game/Content/Mesh/newMAP/Map4_cube367.uasset" 395
"../../../../../Documents/Char/Game/Content/Mesh/newMAP/Map4_cube368.uasset" 396
"../../../../../Documents/Char/Game/Content/Mesh/newMAP/Map4_cube369.uasset" 397
"../../../../../Documents/Char/Game/Content/Mesh/newMAP/Map4_cube37.uasset" 398
"../../../../../Documents/Char/Game/Content/Mesh/newMAP/Map4_cube370.uasset" 399
"../../../../../Documents/Char/Game/Content/Mesh/newMAP/Map4_cube371.uasset" 400
"../../../../../Documents/Char/Game/Content/Mesh/newMAP/Map4_cube372.uasset" 401
"../../../../../Documents/Char/Game/Content/Mesh/newMAP/Map4_cube373.uasset" 402
"../../../../../Documents/Char/Game/Content/Mesh/newMAP/Map4_cube374.uasset" 403
"../../../../../Documents/Char/Game/Content/Mesh/newMAP/Map4_cube375.uasset" 404
"../../../../../Documents/Char/Game/Content/Mesh/newMAP/Map4_cube376.uasset" 405
"../../../../../Documents/Char/Game/Content/Mesh/newMAP/Map4_cube377.uasset" 406
"../../../../../Documents/Char/Game/Content/Mesh/newMAP/Map4_cube378.uasset" 407
"../../../../../Documents/Char/Game/Content/Mesh/newMAP/Map4_cube38.uasset" 408
"../../../../../Documents/Char/Game/Content/Mesh/newMAP/Map4_cube39.uasset" 409
"../../../../../Documents/Char/Game/Content/Mesh/newMAP/Map4_cube4.uasset" 410
"../../../../../Documents/Char/Game/Content/Mesh/newMAP/Map4_cube40.uasset" 411
"../../../../../Documents/Char/Game/Content/Mesh/newMAP/Map4_cube41.uasset" 412
"../../../../../Documents/Char/Game/Content/Mesh/newMAP/Map4_cube42.uasset" 413
"../../../../../Documents/Char/Game/Content/Mesh/newMAP/Map4_cube43.uasset" 414
"../../../../../Documents/Char/Game/Content/Mesh/newMAP/Map4_cube44.uasset" 415
"../../../../../Documents/Char/Game/Content/Mesh/newMAP/Map4_cube45.uasset" 416
"../../../../../Documents/Char/Game/Content/Mesh/newMAP/Map4_cube46.uasset" 417
"../../../../../Documents/Char/Game/Content/Mesh/newMAP/Map4_cube47.uasset" 418
"../../../../../Documents/Char/Game/Content/Mesh/newMAP/Map4_cube48.uasset" 419
"../../../../../Documents/Char/Game/Content/Mesh/newMAP/Map4_cube49.uasset" 420
"../../../../../Documents/Char/Game/Content/Mesh/newMAP/Map4_cube5.uasset" 421
"../../../../../Documents/Char/Game/Content/Mesh/newMAP/Map4_cube50.uasset" 422
"../../../../../Documents/Char/Game/Content/Mesh/newMAP/Map4_cube51.uasset" 423
"../../../../../Documents/Char/Game/Content/Mesh/newMAP/Map4_cube52.uasset" 424
"../../../../../Documents/Char/Game/Content/Mesh/newMAP/Map4_cube53.uasset" 425
"../../../../../Documents/Char/Game/Content/Mesh/newMAP/Map4_cube54.uasset" 426
"../../../../../Documents/Char/Game/Content/Mesh/newMAP/Map4_cube55.uasset" 427
"../../../../../Documents/Char/Game/Content/Mesh/newMAP/Map4_cube56.uasset" 428
"../../../../../Documents/Char/Game/Content/Mesh/newMAP/Map4_cube57.uasset" 429
"../../../../../Documents/Char/Game/Content/Mesh/newMAP/Map4_cube58.uasset" 430
"../../../../../Documents/Char/Game/Content/Mesh/newMAP/Map4_cube59.uasset" 431
"../../../../../Documents/Char/Game/Content/Mesh/newMAP/Map4_cube6.uasset" 432
"../../../../../Documents/Char/Game/Content/Mesh/newMAP/Map4_cube60.uasset" 433
"../../../../../Documents/Char/Game/Content/Mesh/newMAP/Map4_cube61.uasset" 434
"../../../../../Documents/Char/Game/Content/Mesh/newMAP/Map4_cube62.uasset" 435
"../../../../../Documents/Char/Game/Content/Mesh/newMAP/Map4_cube63.uasset" 436
"../../../../../Documents/Char/Game/Content/Mesh/newMAP/Map4_cube64.uasset" 437
"../../../../../Documents/Char/Game/Content/Mesh/newMAP/Map4_cube65.uasset" 438
"../../../../../Documents/Char/Game/Content/Mesh/newMAP/Map4_cube66.uasset" 439
"../../../../../Documents/Char/Game/Content/Mesh/newMAP/Map4_cube67.uasset" 440
"../../../../../Documents/Char/Game/Content/Mesh/newMAP/Map4_cube68.uasset" 441
"../../../../../Documents/Char/Game/Content/Mesh/newMAP/Map4_cube69.uasset" 442
"../../../../../Documents/Char/Game/Content/Mesh/newMAP/Map4_cube7.uasset" 443
"../../../../../Documents/Char/Game/Content/Mesh/newMAP/Map4_cube70.uasset" 444
"../../../../../Documents/Char/Game/Content/Mesh/newMAP/Map4_cube71.uasset" 445
"../../../../../Documents/Char/Game/Content/Mesh/newMAP/Map4_cube72.uasset" 446
"../../../../../Documents/Char/Game/Content/Mesh/newMAP/Map4_cube73.uasset" 447
"../../../../../Documents/Char/Game/Content/Mesh/newMAP/Map4_cube74.uasset" 448
"../../../../../Documents/Char/Game/Content/Mesh/newMAP/Map4_cube75.uasset" 449
"../../../../../Documents/Char/Game/Content/Mesh/newMAP/Map4_cube76.uasset" 450
"../../../../../Documents/Char/Game/Content/Mesh/newMAP/Map4_cube77.uasset" 451
"../../../../../Documents/Char/Game/Content/Mesh/newMAP/Map4_cube78.uasset" 452
"../../../../../Documents/Char/Game/Content/Mesh/newMAP/Map4_cube79.uasset" 453
"../../../../../Documents/Char/Game/Content/Mesh/newMAP/Map4_cube8.uasset" 454
"../../../../../Documents/Char/Game/Content/Mesh/newMAP/Map4_cube80.uasset" 455
"../../../../../Documents/Char/Game/Content/Mesh/newMAP/Map4_cube81.uasset" 456
"../../../../../Documents/Char/Game/Content/Mesh/newMAP/Map4_cube82.uasset" 457
"../../../../../Documents/Char/Game/Content/Mesh/newMAP/Map4_cube83.uasset" 458
"../../../../../Documents/Char/Game/Content/Mesh/newMAP/Map4_cube84.uasset" 459
"../../../../../Documents/Char/Game/Content/Mesh/newMAP/Map4_cube85.uasset" 460
"../../../../../Documents/Char/Game/Content/Mesh/newMAP/Map4_cube86.uasset" 461
"../../../../../Documents/Char/Game/Content/Mesh/newMAP/Map4_cube87.uasset" 462
"../../../../../Documents/Char/Game/Content/Mesh/newMAP/Map4_cube88.uasset" 463
"../../../../../Documents/Char/Game/Content/Mesh/newMAP/Map4_cube89.uasset" 464
"../../../../../Documents/Char/Game/Content/Mesh/newMAP/Map4_cube9.uasset" 465
"../../../../../Documents/Char/Game/Content/Mesh/newMAP/Map4_cube90.uasset" 466
"../../../../../Documents/Char/Game/Content/Mesh/newMAP/Map4_cube91.uasset" 467
"../../../../../Documents/Char/Game/Content/Mesh/newMAP/Map4_cube92.uasset" 468
"../../../../../Documents/Char/Game/Content/Mesh/newMAP/Map4_cube93.uasset" 469
"../../../../../Documents/Char/Game/Content/Mesh/newMAP/Map4_cube94.uasset" 470
"../../../../../Documents/Char/Game/Content/Mesh/newMAP/Map4_cube95.uasset" 471
"../../../../../Documents/Char/Game/Content/Mesh/newMAP/Map4_cube96.uasset" 472
"../../../../../Documents/Char/Game/Content/Mesh/newMAP/Map4_cube97.uasset" 473
"../../../../../Documents/Char/Game/Content/Mesh/newMAP/Map4_cube98.uasset" 474
"../../../../../Documents/Char/Game/Content/Mesh/newMAP/Map4_cube99.uasset" 475
"../../../../../Documents/Char/Game/Content/Mesh/newMAP/map.uasset" 476
"../../../../../Documents/Char/Game/Content/Mesh/newMAP/lambert2.uasset" 477
"../../../../../Documents/Char/Game/Content/Mesh/newMAP/Map4_Floor.uasset" 478
"../../../../../Documents/Char/Game/Content/Mesh/newMAP/Map4_Floor1.uasset" 479
"../../../../../Documents/Char/Game/Content/Mesh/newMAP/Map4_Floor1_1.uasset" 480
"../../../../../Documents/Char/Game/Content/Mesh/newMAP/Map4_Floor1_2.uasset" 481
"../../../../../Documents/Char/Game/Content/Mesh/newMAP/Map4_Floor1_3.uasset" 482
"../../../../../Documents/Char/Game/Content/Mesh/newMAP/Map4_Floor1_4.uasset" 483
"../../../../../Documents/Char/Game/Content/Mesh/newMAP/Map4_Floor_1.uasset" 484
"../../../../../Documents/Char/Game/Content/Mesh/newMAP/Map4_Floor_2.uasset" 485
"../../../../../Documents/Char/Game/Content/Mesh/newMAP/Map4_Floor_3.uasset" 486
"../../../../../Documents/Char/Game/Content/Mesh/newMAP/Map4_Floor_4.uasset" 487
"../../../../../Documents/Char/Game/Content/Mesh/newMAP/Map4_Floor_line.uasset" 488
"../../../../../Documents/Char/Game/Content/Mesh/newMAP/Map4_Floor_line1.uasset" 489
"../../../../../Documents/Char/Game/Content/Mesh/newMAP/Map4_Floor_line1_1.uasset" 490
"../../../../../Documents/Char/Game/Content/Mesh/newMAP/Map4_Floor_line1_2.uasset" 491
"../../../../../Documents/Char/Game/Content/Mesh/newMAP/Map4_Floor_line1_3.uasset" 492
"../../../../../Documents/Char/Game/Content/Mesh/newMAP/Map4_Floor_line1_4.uasset" 493
"../../../../../Documents/Char/Game/Content/Mesh/newMAP/Map4_Floor_line_1.uasset" 494
"../../../../../Documents/Char/Game/Content/Mesh/newMAP/Map4_Floor_line_2.uasset" 495
"../../../../../Documents/Char/Game/Content/Mesh/newMAP/Map4_Floor_line_3.uasset" 496
"../../../../../Documents/Char/Game/Content/Mesh/newMAP/Map4_Floor_line_4.uasset" 497
"../../../../../Documents/Char/Game/Content/Mesh/newMAP/Map4_Goal.uasset" 498
"../../../../../Documents/Char/Game/Content/Mesh/newMAP/Map4_Goal1.uasset" 499
"../../../../../Documents/Char/Game/Content/Mesh/newMAP/Map4_Goal1_1.uasset" 500
"../../../../../Documents/Char/Game/Content/Mesh/newMAP/Map4_Goal1_2.uasset" 501
"../../../../../Documents/Char/Game/Content/Mesh/newMAP/Map4_Goal1_3.uasset" 502
"../../../../../Documents/Char/Game/Content/Mesh/newMAP/Map4_Goal1_4.uasset" 503
"../../../../../Documents/Char/Game/Content/Mesh/newMAP/Map4_Goal_1.uasset" 504
"../../../../../Documents/Char/Game/Content/Mesh/newMAP/Map4_Goal_2.uasset" 505
"../../../../../Documents/Char/Game/Content/Mesh/newMAP/Map4_Goal_3.uasset" 506
"../../../../../Documents/Char/Game/Content/Mesh/newMAP/Map4_Goal_4.uasset" 507
"../../../../../Documents/Char/Game/Content/Mesh/newMAP/lambert4.uasset" 508
"../../../../../Documents/Char/Game/Content/Mesh/newMAP/Map4_nurbsToPoly1.uasset" 509
"../../../../../Documents/Char/Game/Content/Mesh/newMAP/Map4_nurbsToPoly1_1.uasset" 510
"../../../../../Documents/Char/Game/Content/Mesh/newMAP/Map4_nurbsToPoly1_10.uasset" 511
"../../../../../Documents/Char/Game/Content/Mesh/newMAP/Map4_nurbsToPoly1_11.uasset" 512
"../../../../../Documents/Char/Game/Content/Mesh/newMAP/Map4_nurbsToPoly1_12.uasset" 513
"../../../../../Documents/Char/Game/Content/Mesh/newMAP/Map4_nurbsToPoly1_13.uasset" 514
"../../../../../Documents/Char/Game/Content/Mesh/newMAP/Map4_nurbsToPoly1_14.uasset" 515
"../../../../../Documents/Char/Game/Content/Mesh/newMAP/Map4_nurbsToPoly1_15.uasset" 516
"../../../../../Documents/Char/Game/Content/Mesh/newMAP/Map4_nurbsToPoly1_16.uasset" 517
"../../../../../Documents/Char/Game/Content/Mesh/newMAP/Map4_nurbsToPoly1_17.uasset" 518
"../../../../../Documents/Char/Game/Content/Mesh/newMAP/Map4_nurbsToPoly1_18.uasset" 519
"../../../../../Documents/Char/Game/Content/Mesh/newMAP/Map4_nurbsToPoly1_19.uasset" 520
"../../../../../Documents/Char/Game/Content/Mesh/newMAP/Map4_nurbsToPoly1_2.uasset" 521
"../../../../../Documents/Char/Game/Content/Mesh/newMAP/Map4_nurbsToPoly1_20.uasset" 522
"../../../../../Documents/Char/Game/Content/Mesh/newMAP/Map4_nurbsToPoly1_21.uasset" 523
"../../../../../Documents/Char/Game/Content/Mesh/newMAP/Map4_nurbsToPoly1_22.uasset" 524
"../../../../../Documents/Char/Game/Content/Mesh/newMAP/Map4_nurbsToPoly1_23.uasset" 525
"../../../../../Documents/Char/Game/Content/Mesh/newMAP/Map4_nurbsToPoly1_24.uasset" 526
"../../../../../Documents/Char/Game/Content/Mesh/newMAP/Map4_nurbsToPoly1_3.uasset" 527
"../../../../../Documents/Char/Game/Content/Mesh/newMAP/Map4_nurbsToPoly1_4.uasset" 528
"../../../../../Documents/Char/Game/Content/Mesh/newMAP/Map4_nurbsToPoly1_5.uasset" 529
"../../../../../Documents/Char/Game/Content/Mesh/newMAP/Map4_nurbsToPoly1_6.uasset" 530
"../../../../../Documents/Char/Game/Content/Mesh/newMAP/Map4_nurbsToPoly1_7.uasset" 531
"../../../../../Documents/Char/Game/Content/Mesh/newMAP/Map4_nurbsToPoly1_8.uasset" 532
"../../../../../Documents/Char/Game/Content/Mesh/newMAP/Map4_nurbsToPoly1_9.uasset" 533
"../../../../../Documents/Char/Game/Content/Mesh/newMAP/Map4_pCube100.uasset" 534
"../../../../../Documents/Char/Game/Content/Mesh/newMAP/Map4_pCube101.uasset" 535
"../../../../../Documents/Char/Game/Content/Mesh/newMAP/Map4_pCube102.uasset" 536
"../../../../../Documents/Char/Game/Content/Mesh/newMAP/Map4_pCube103.uasset" 537
"../../../../../Documents/Char/Game/Content/Mesh/newMAP/Map4_pCube104.uasset" 538
"../../../../../Documents/Char/Game/Content/Mesh/newMAP/Map4_pCube105.uasset" 539
"../../../../../Documents/Char/Game/Content/Mesh/newMAP/Map4_pCube106.uasset" 540
"../../../../../Documents/Char/Game/Content/Mesh/newMAP/Map4_pCube107.uasset" 541
"../../../../../Documents/Char/Game/Content/Mesh/newMAP/Map4_pCube108.uasset" 542
"../../../../../Documents/Char/Game/Content/Mesh/newMAP/Map4_pCube109.uasset" 543
"../../../../../Documents/Char/Game/Content/Mesh/newMAP/Map4_pCube11.uasset" 544
"../../../../../Documents/Char/Game/Content/Mesh/newMAP/Map4_pCube110.uasset" 545
"../../../../../Documents/Char/Game/Content/Mesh/newMAP/Map4_pCube111.uasset" 546
"../../../../../Documents/Char/Game/Content/Mesh/newMAP/Map4_pCube112.uasset" 547
"../../../../../Documents/Char/Game/Content/Mesh/newMAP/Map4_pCube113.uasset" 548
"../../../../../Documents/Char/Game/Content/Mesh/newMAP/Map4_pCube114.uasset" 549
"../../../../../Documents/Char/Game/Content/Mesh/newMAP/Map4_pCube116.uasset" 550
"../../../../../Documents/Char/Game/Content/Mesh/newMAP/Map4_pCube117.uasset" 551
"../../../../../Documents/Char/Game/Content/Mesh/newMAP/Map4_pCube118.uasset" 552
"../../../../../Documents/Char/Game/Content/Mesh/newMAP/Map4_pCube119.uasset" 553
"../../../../../Documents/Char/Game/Content/Mesh/newMAP/Map4_pCube12.uasset" 554
"../../../../../Documents/Char/Game/Content/Mesh/newMAP/Map4_pCube2.uasset" 555
"../../../../../Documents/Char/Game/Content/Mesh/newMAP/Map4_pCube2_1.uasset" 556
"../../../../../Documents/Char/Game/Content/Mesh/newMAP/Map4_pCube2_10.uasset" 557
"../../../../../Documents/Char/Game/Content/Mesh/newMAP/Map4_pCube2_11.uasset" 558
"../../../../../Documents/Char/Game/Content/Mesh/newMAP/Map4_pCube2_12.uasset" 559
"../../../../../Documents/Char/Game/Content/Mesh/newMAP/Map4_pCube2_13.uasset" 560
"../../../../../Documents/Char/Game/Content/Mesh/newMAP/Map4_pCube2_14.uasset" 561
"../../../../../Documents/Char/Game/Content/Mesh/newMAP/Map4_pCube2_15.uasset" 562
"../../../../../Documents/Char/Game/Content/Mesh/newMAP/Map4_pCube2_16.uasset" 563
"../../../../../Documents/Char/Game/Content/Mesh/newMAP/Map4_pCube2_17.uasset" 564
"../../../../../Documents/Char/Game/Content/Mesh/newMAP/Map4_pCube2_18.uasset" 565
"../../../../../Documents/Char/Game/Content/Mesh/newMAP/Map4_pCube2_19.uasset" 566
"../../../../../Documents/Char/Game/Content/Mesh/newMAP/Map4_pCube2_2.uasset" 567
"../../../../../Documents/Char/Game/Content/Mesh/newMAP/Map4_pCube2_20.uasset" 568
"../../../../../Documents/Char/Game/Content/Mesh/newMAP/Map4_pCube2_21.uasset" 569
"../../../../../Documents/Char/Game/Content/Mesh/newMAP/Map4_pCube2_22.uasset" 570
"../../../../../Documents/Char/Game/Content/Mesh/newMAP/Map4_pCube2_23.uasset" 571
"../../../../../Documents/Char/Game/Content/Mesh/newMAP/Map4_pCube2_24.uasset" 572
"../../../../../Documents/Char/Game/Content/Mesh/newMAP/Map4_pCube2_3.uasset" 573
"../../../../../Documents/Char/Game/Content/Mesh/newMAP/Map4_pCube2_4.uasset" 574
"../../../../../Documents/Char/Game/Content/Mesh/newMAP/Map4_pCube2_5.uasset" 575
"../../../../../Documents/Char/Game/Content/Mesh/newMAP/Map4_pCube2_6.uasset" 576
"../../../../../Documents/Char/Game/Content/Mesh/newMAP/Map4_pCube2_7.uasset" 577
"../../../../../Documents/Char/Game/Content/Mesh/newMAP/Map4_pCube2_8.uasset" 578
"../../../../../Documents/Char/Game/Content/Mesh/newMAP/Map4_pCube2_9.uasset" 579
"../../../../../Documents/Char/Game/Content/Mesh/newMAP/Map4_pCube4.uasset" 580
"../../../../../Documents/Char/Game/Content/Mesh/newMAP/Map4_pCube5.uasset" 581
"../../../../../Documents/Char/Game/Content/Mesh/newMAP/Map4_pCube61.uasset" 582
"../../../../../Documents/Char/Game/Content/Mesh/newMAP/Map4_pCube62.uasset" 583
"../../../../../Documents/Char/Game/Content/Mesh/newMAP/Map4_pCube63.uasset" 584
"../../../../../Documents/Char/Game/Content/Mesh/newMAP/Map4_pCube64.uasset" 585
"../../../../../Documents/Char/Game/Content/Mesh/newMAP/Map4_pCube65.uasset" 586
"../../../../../Documents/Char/Game/Content/Mesh/newMAP/Map4_pCube66.uasset" 587
"../../../../../Documents/Char/Game/Content/Mesh/newMAP/Map4_pCube67.uasset" 588
"../../../../../Documents/Char/Game/Content/Mesh/newMAP/Map4_pCube68.uasset" 589
"../../../../../Documents/Char/Game/Content/Mesh/newMAP/Map4_pCube69.uasset" 590
"../../../../../Documents/Char/Game/Content/Mesh/newMAP/Map4_pCube7.uasset" 591
"../../../../../Documents/Char/Game/Content/Mesh/newMAP/Map4_pCube70.uasset" 592
"../../../../../Documents/Char/Game/Content/Mesh/newMAP/Map4_pCube71.uasset" 593
"../../../../../Documents/Char/Game/Content/Mesh/newMAP/Map4_pCube72.uasset" 594
"../../../../../Documents/Char/Game/Content/Mesh/newMAP/Map4_pCube73.uasset" 595
"../../../../../Documents/Char/Game/Content/Mesh/newMAP/Map4_pCube74.uasset" 596
"../../../../../Documents/Char/Game/Content/Mesh/newMAP/Map4_pCube75.uasset" 597
"../../../../../Documents/Char/Game/Content/Mesh/newMAP/Map4_pCube76.uasset" 598
"../../../../../Documents/Char/Game/Content/Mesh/newMAP/Map4_pCube77.uasset" 599
"../../../../../Documents/Char/Game/Content/Mesh/newMAP/Map4_pCube78.uasset" 600
"../../../../../Documents/Char/Game/Content/Mesh/newMAP/Map4_pCube79.uasset" 601
"../../../../../Documents/Char/Game/Content/Mesh/newMAP/Map4_pCube8.uasset" 602
"../../../../../Documents/Char/Game/Content/Mesh/newMAP/Map4_pCube80.uasset" 603
"../../../../../Documents/Char/Game/Content/Mesh/newMAP/Map4_pCube81.uasset" 604
"../../../../../Documents/Char/Game/Content/Mesh/newMAP/Map4_pCube82.uasset" 605
"../../../../../Documents/Char/Game/Content/Mesh/newMAP/Map4_pCube83.uasset" 606
"../../../../../Documents/Char/Game/Content/Mesh/newMAP/Map4_pCube84.uasset" 607
"../../../../../Documents/Char/Game/Content/Mesh/newMAP/Map4_pCube85.uasset" 608
"../../../../../Documents/Char/Game/Content/Mesh/newMAP/Map4_pCube86.uasset" 609
"../../../../../Documents/Char/Game/Content/Mesh/newMAP/Map4_pCube87.uasset" 610
"../../../../../Documents/Char/Game/Content/Mesh/newMAP/Map4_pCube88.uasset" 611
"../../../../../Documents/Char/Game/Content/Mesh/newMAP/Map4_pCube89.uasset" 612
"../../../../../Documents/Char/Game/Content/Mesh/newMAP/Map4_pCube9.uasset" 613
"../../../../../Documents/Char/Game/Content/Mesh/newMAP/Map4_pCube90.uasset" 614
"../../../../../Documents/Char/Game/Content/Mesh/newMAP/Map4_pCube91.uasset" 615
"../../../../../Documents/Char/Game/Content/Mesh/newMAP/Map4_pCube92.uasset" 616
"../../../../../Documents/Char/Game/Content/Mesh/newMAP/Map4_pCube93.uasset" 617
"../../../../../Documents/Char/Game/Content/Mesh/newMAP/Map4_pCube94.uasset" 618
"../../../../../Documents/Char/Game/Content/Mesh/newMAP/Map4_pCube95.uasset" 619
"../../../../../Documents/Char/Game/Content/Mesh/newMAP/Map4_pCube96.uasset" 620
"../../../../../Documents/Char/Game/Content/Mesh/newMAP/Map4_pCube97.uasset" 621
"../../../../../Documents/Char/Game/Content/Mesh/newMAP/Map4_pCube98.uasset" 622
"../../../../../Documents/Char/Game/Content/Mesh/newMAP/Map4_pCube99.uasset" 623
"../../../../../Documents/Char/Game/Content/Mesh/newMAP/Map4_pCylinder2.uasset" 624
"../../../../../Documents/Char/Game/Content/Mesh/newMAP/Map4_pCylinder2_1.uasset" 625
"../../../../../Documents/Char/Game/Content/Mesh/newMAP/Map4_pCylinder2_10.uasset" 626
"../../../../../Documents/Char/Game/Content/Mesh/newMAP/Map4_pCylinder2_11.uasset" 627
"../../../../../Documents/Char/Game/Content/Mesh/newMAP/Map4_pCylinder2_12.uasset" 628
"../../../../../Documents/Char/Game/Content/Mesh/newMAP/Map4_pCylinder2_13.uasset" 629
"../../../../../Documents/Char/Game/Content/Mesh/newMAP/Map4_pCylinder2_14.uasset" 630
"../../../../../Documents/Char/Game/Content/Mesh/newMAP/Map4_pCylinder2_15.uasset" 631
"../../../../../Documents/Char/Game/Content/Mesh/newMAP/Map4_pCylinder2_16.uasset" 632
"../../../../../Documents/Char/Game/Content/Mesh/newMAP/Map4_pCylinder2_17.uasset" 633
"../../../../../Documents/Char/Game/Content/Mesh/newMAP/Map4_pCylinder2_18.uasset" 634
"../../../../../Documents/Char/Game/Content/Mesh/newMAP/Map4_pCylinder2_19.uasset" 635
"../../../../../Documents/Char/Game/Content/Mesh/newMAP/Map4_pCylinder2_2.uasset" 636
"../../../../../Documents/Char/Game/Content/Mesh/newMAP/Map4_pCylinder2_20.uasset" 637
"../../../../../Documents/Char/Game/Content/Mesh/newMAP/Map4_pCylinder2_21.uasset" 638
"../../../../../Documents/Char/Game/Content/Mesh/newMAP/Map4_pCylinder2_22.uasset" 639
"../../../../../Documents/Char/Game/Content/Mesh/newMAP/Map4_pCylinder2_23.uasset" 640
"../../../../../Documents/Char/Game/Content/Mesh/newMAP/Map4_pCylinder2_24.uasset" 641
"../../../../../Documents/Char/Game/Content/Mesh/newMAP/Map4_pCylinder2_3.uasset" 642
"../../../../../Documents/Char/Game/Content/Mesh/newMAP/Map4_pCylinder2_4.uasset" 643
"../../../../../Documents/Char/Game/Content/Mesh/newMAP/Map4_pCylinder2_5.uasset" 644
"../../../../../Documents/Char/Game/Content/Mesh/newMAP/Map4_pCylinder2_6.uasset" 645
"../../../../../Documents/Char/Game/Content/Mesh/newMAP/Map4_pCylinder2_7.uasset" 646
"../../../../../Documents/Char/Game/Content/Mesh/newMAP/Map4_pCylinder2_8.uasset" 647
"../../../../../Documents/Char/Game/Content/Mesh/newMAP/Map4_pCylinder2_9.uasset" 648
"../../../../../Documents/Char/Game/Content/Mesh/newMAP/lambert3.uasset" 649
"../../../../../Documents/Char/Game/Content/Mesh/newMAP/Map4_pPlane1.uasset" 650
"../../../../../Documents/Char/Game/Content/Mesh/newMAP/Map4_pPlane11.uasset" 651
"../../../../../Documents/Char/Game/Content/Mesh/newMAP/Map4_pPlane12.uasset" 652
"../../../../../Documents/Char/Game/Content/Mesh/newMAP/Map4_pPlane13.uasset" 653
"../../../../../Documents/Char/Game/Content/Mesh/newMAP/Map4_pPlane14.uasset" 654
"../../../../../Documents/Char/Game/Content/Mesh/newMAP/Map4_pPlane15.uasset" 655
"../../../../../Documents/Char/Game/Content/Mesh/newMAP/Map4_pPlane17.uasset" 656
"../../../../../Documents/Char/Game/Content/Mesh/newMAP/Map4_pPlane18.uasset" 657
"../../../../../Documents/Char/Game/Content/Mesh/newMAP/Map4_pPlane2.uasset" 658
"../../../../../Documents/Char/Game/Content/Mesh/newMAP/Map4_pPlane3.uasset" 659
"../../../../../Documents/Char/Game/Content/Mesh/newMAP/Map4_pPlane5.uasset" 660
"../../../../../Documents/Char/Game/Content/Mesh/newMAP/Map4_pPlane6.uasset" 661
"../../../../../Documents/Char/Game/Content/Mesh/newMAP/Map4_pPlane7.uasset" 662
"../../../../../Documents/Char/Game/Content/Mesh/newMAP/Map4_pPlane9.uasset" 663
"../../../../../Documents/Char/Game/Content/Mesh/newMAP/Map4_Tube1.uasset" 664
"../../../../../Documents/Char/Game/Content/Mesh/newMAP/Map4_Tube2.uasset" 665
"../../../../../Documents/Char/Game/Content/Mesh/newMAP/Map4_Tube3.uasset" 666
"../../../../../Documents/Char/Game/Content/Mesh/newMAP/Map4_Tube4.uasset" 667
"../../../../../Documents/Char/Game/Content/Mesh/newMAP/Map4_Wall.uasset" 668
"../../../../../Documents/Char/Game/Content/Mesh/newMAP/Map4_Wall1.uasset" 669
"../../../../../Documents/Char/Game/Content/Mesh/newMAP/Map4_Wall10.uasset" 670
"../../../../../Documents/Char/Game/Content/Mesh/newMAP/Map4_Wall10_1.uasset" 671
"../../../../../Documents/Char/Game/Content/Mesh/newMAP/Map4_Wall10_2.uasset" 672
"../../../../../Documents/Char/Game/Content/Mesh/newMAP/Map4_Wall10_3.uasset" 673
"../../../../../Documents/Char/Game/Content/Mesh/newMAP/Map4_Wall10_4.uasset" 674
"../../../../../Documents/Char/Game/Content/Mesh/newMAP/Map4_Wall11.uasset" 675
"../../../../../Documents/Char/Game/Content/Mesh/newMAP/Map4_Wall11_1.uasset" 676
"../../../../../Documents/Char/Game/Content/Mesh/newMAP/Map4_Wall11_2.uasset" 677
"../../../../../Documents/Char/Game/Content/Mesh/newMAP/Map4_Wall11_3.uasset" 678
"../../../../../Documents/Char/Game/Content/Mesh/newMAP/Map4_Wall11_4.uasset" 679
"../../../../../Documents/Char/Game/Content/Mesh/newMAP/Map4_Wall12.uasset" 680
"../../../../../Documents/Char/Game/Content/Mesh/newMAP/Map4_Wall12_1.uasset" 681
"../../../../../Documents/Char/Game/Content/Mesh/newMAP/Map4_Wall12_2.uasset" 682
"../../../../../Documents/Char/Game/Content/Mesh/newMAP/Map4_Wall12_3.uasset" 683
"../../../../../Documents/Char/Game/Content/Mesh/newMAP/Map4_Wall12_4.uasset" 684
"../../../../../Documents/Char/Game/Content/Mesh/newMAP/Map4_Wall13.uasset" 685
"../../../../../Documents/Char/Game/Content/Mesh/newMAP/Map4_Wall13_1.uasset" 686
"../../../../../Documents/Char/Game/Content/Mesh/newMAP/Map4_Wall13_2.uasset" 687
"../../../../../Documents/Char/Game/Content/Mesh/newMAP/Map4_Wall13_3.uasset" 688
"../../../../../Documents/Char/Game/Content/Mesh/newMAP/Map4_Wall13_4.uasset" 689
"../../../../../Documents/Char/Game/Content/Mesh/newMAP/Map4_Wall1_1.uasset" 690
"../../../../../Documents/Char/Game/Content/Mesh/newMAP/Map4_Wall1_2.uasset" 691
"../../../../../Documents/Char/Game/Content/Mesh/newMAP/Map4_Wall1_3.uasset" 692
"../../../../../Documents/Char/Game/Content/Mesh/newMAP/Map4_Wall1_4.uasset" 693
"../../../../../Documents/Char/Game/Content/Mesh/newMAP/Map4_Wall2.uasset" 694
"../../../../../Documents/Char/Game/Content/Mesh/newMAP/Map4_Wall2_1.uasset" 695
"../../../../../Documents/Char/Game/Content/Mesh/newMAP/Map4_Wall2_2.uasset" 696
"../../../../../Documents/Char/Game/Content/Mesh/newMAP/Map4_Wall2_3.uasset" 697
"../../../../../Documents/Char/Game/Content/Mesh/newMAP/Map4_Wall2_4.uasset" 698
"../../../../../Documents/Char/Game/Content/Mesh/newMAP/Map4_Wall3.uasset" 699
"../../../../../Documents/Char/Game/Content/Mesh/newMAP/Map4_Wall3_1.uasset" 700
"../../../../../Documents/Char/Game/Content/Mesh/newMAP/Map4_Wall3_2.uasset" 701
"../../../../../Documents/Char/Game/Content/Mesh/newMAP/Map4_Wall3_3.uasset" 702
"../../../../../Documents/Char/Game/Content/Mesh/newMAP/Map4_Wall3_4.uasset" 703
"../../../../../Documents/Char/Game/Content/Mesh/newMAP/Map4_Wall4.uasset" 704
"../../../../../Documents/Char/Game/Content/Mesh/newMAP/Map4_Wall4_1.uasset" 705
"../../../../../Documents/Char/Game/Content/Mesh/newMAP/Map4_Wall4_2.uasset" 706
"../../../../../Documents/Char/Game/Content/Mesh/newMAP/Map4_Wall4_3.uasset" 707
"../../../../../Documents/Char/Game/Content/Mesh/newMAP/Map4_Wall4_4.uasset" 708
"../../../../../Documents/Char/Game/Content/Mesh/newMAP/Map4_Wall5.uasset" 709
"../../../../../Documents/Char/Game/Content/Mesh/newMAP/Map4_Wall5_1.uasset" 710
"../../../../../Documents/Char/Game/Content/Mesh/newMAP/Map4_Wall5_2.uasset" 711
"../../../../../Documents/Char/Game/Content/Mesh/newMAP/Map4_Wall5_3.uasset" 712
"../../../../../Documents/Char/Game/Content/Mesh/newMAP/Map4_Wall5_4.uasset" 713
"../../../../../Documents/Char/Game/Content/Mesh/newMAP/Map4_Wall6.uasset" 714
"../../../../../Documents/Char/Game/Content/Mesh/newMAP/Map4_Wall6_1.uasset" 715
"../../../../../Documents/Char/Game/Content/Mesh/newMAP/Map4_Wall6_2.uasset" 716
"../../../../../Documents/Char/Game/Content/Mesh/newMAP/Map4_Wall6_3.uasset" 717
"../../../../../Documents/Char/Game/Content/Mesh/newMAP/Map4_Wall6_4.uasset" 718
"../../../../../Documents/Char/Game/Content/Mesh/newMAP/Map4_Wall7.uasset" 719
"../../../../../Documents/Char/Game/Content/Mesh/newMAP/Map4_Wall7_1.uasset" 720
"../../../../../Documents/Char/Game/Content/Mesh/newMAP/Map4_Wall7_2.uasset" 721
"../../../../../Documents/Char/Game/Content/Mesh/newMAP/Map4_Wall7_3.uasset" 722
"../../../../../Documents/Char/Game/Content/Mesh/newMAP/Map4_Wall7_4.uasset" 723
"../../../../../Documents/Char/Game/Content/Mesh/newMAP/Map4_Wall8.uasset" 724
"../../../../../Documents/Char/Game/Content/Mesh/newMAP/Map4_Wall8_1.uasset" 725
"../../../../../Documents/Char/Game/Content/Mesh/newMAP/Map4_Wall8_2.uasset" 726
"../../../../../Documents/Char/Game/Content/Mesh/newMAP/Map4_Wall8_3.uasset" 727
"../../../../../Documents/Char/Game/Content/Mesh/newMAP/Map4_Wall8_4.uasset" 728
"../../../../../Documents/Char/Game/Content/Mesh/newMAP/Map4_Wall9.uasset" 729
"../../../../../Documents/Char/Game/Content/Mesh/newMAP/Map4_Wall9_1.uasset" 730
"../../../../../Documents/Char/Game/Content/Mesh/newMAP/Map4_Wall9_2.uasset" 731
"../../../../../Documents/Char/Game/Content/Mesh/newMAP/Map4_Wall9_3.uasset" 732
"../../../../../Documents/Char/Game/Content/Mesh/newMAP/Map4_Wall9_4.uasset" 733
"../../../../../Documents/Char/Game/Content/Mesh/newMAP/Map4_Wall_1.uasset" 734
"../../../../../Documents/Char/Game/Content/Mesh/newMAP/Map4_Wall_2.uasset" 735
"../../../../../Documents/Char/Game/Content/Mesh/newMAP/Map4_Wall_3.uasset" 736
"../../../../../Documents/Char/Game/Content/Mesh/newMAP/Map4_Wall_4.uasset" 737
"../../../../../Documents/Char/Game/Content/Mesh/newmap2/map.uasset" 738
"../../../../../Documents/Char/Game/Content/Mesh/newmap2/lambert2.uasset" 739
"../../../../../Documents/Char/Game/Content/Mesh/newmap2/ALlMap_Floor.uasset" 740
"../../../../../Documents/Char/Game/Content/Mesh/newmap2/ALlMap_Floor1.uasset" 741
"../../../../../Documents/Char/Game/Content/Mesh/newmap2/ALlMap_Floor1_1.uasset" 742
"../../../../../Documents/Char/Game/Content/Mesh/newmap2/ALlMap_Floor1_2.uasset" 743
"../../../../../Documents/Char/Game/Content/Mesh/newmap2/ALlMap_Floor1_3.uasset" 744
"../../../../../Documents/Char/Game/Content/Mesh/newmap2/ALlMap_Floor1_4.uasset" 745
"../../../../../Documents/Char/Game/Content/Mesh/newmap2/ALlMap_Floor_1.uasset" 746
"../../../../../Documents/Char/Game/Content/Mesh/newmap2/ALlMap_Floor_2.uasset" 747
"../../../../../Documents/Char/Game/Content/Mesh/newmap2/ALlMap_Floor_3.uasset" 748
"../../../../../Documents/Char/Game/Content/Mesh/newmap2/ALlMap_Floor_4.uasset" 749
"../../../../../Documents/Char/Game/Content/Mesh/newmap2/ALlMap_Floor_line.uasset" 750
"../../../../../Documents/Char/Game/Content/Mesh/newmap2/ALlMap_Floor_line1.uasset" 751
"../../../../../Documents/Char/Game/Content/Mesh/newmap2/ALlMap_Floor_line1_1.uasset" 752
"../../../../../Documents/Char/Game/Content/Mesh/newmap2/ALlMap_Floor_line1_2.uasset" 753
"../../../../../Documents/Char/Game/Content/Mesh/newmap2/ALlMap_Floor_line1_3.uasset" 754
"../../../../../Documents/Char/Game/Content/Mesh/newmap2/ALlMap_Floor_line1_4.uasset" 755
"../../../../../Documents/Char/Game/Content/Mesh/newmap2/ALlMap_Floor_line_1.uasset" 756
"../../../../../Documents/Char/Game/Content/Mesh/newmap2/ALlMap_Floor_line_2.uasset" 757
"../../../../../Documents/Char/Game/Content/Mesh/newmap2/ALlMap_Floor_line_3.uasset" 758
"../../../../../Documents/Char/Game/Content/Mesh/newmap2/ALlMap_Floor_line_4.uasset" 759
"../../../../../Documents/Char/Game/Content/Mesh/newmap2/ALlMap_Goal.uasset" 760
"../../../../../Documents/Char/Game/Content/Mesh/newmap2/ALlMap_Goal1.uasset" 761
"../../../../../Documents/Char/Game/Content/Mesh/newmap2/ALlMap_Goal1_1.uasset" 762
"../../../../../Documents/Char/Game/Content/Mesh/newmap2/ALlMap_Goal1_2.uasset" 763
"../../../../../Documents/Char/Game/Content/Mesh/newmap2/ALlMap_Goal1_3.uasset" 764
"../../../../../Documents/Char/Game/Content/Mesh/newmap2/ALlMap_Goal1_4.uasset" 765
"../../../../../Documents/Char/Game/Content/Mesh/newmap2/ALlMap_Goal_1.uasset" 766
"../../../../../Documents/Char/Game/Content/Mesh/newmap2/ALlMap_Goal_2.uasset" 767
"../../../../../Documents/Char/Game/Content/Mesh/newmap2/ALlMap_Goal_3.uasset" 768
"../../../../../Documents/Char/Game/Content/Mesh/newmap2/ALlMap_Goal_4.uasset" 769
"../../../../../Documents/Char/Game/Content/Mesh/newmap2/ALlMap_Wall.uasset" 770
"../../../../../Documents/Char/Game/Content/Mesh/newmap2/ALlMap_Wall1.uasset" 771
"../../../../../Documents/Char/Game/Content/Mesh/newmap2/ALlMap_Wall10.uasset" 772
"../../../../../Documents/Char/Game/Content/Mesh/newmap2/ALlMap_Wall10_1.uasset" 773
"../../../../../Documents/Char/Game/Content/Mesh/newmap2/ALlMap_Wall10_2.uasset" 774
"../../../../../Documents/Char/Game/Content/Mesh/newmap2/ALlMap_Wall10_3.uasset" 775
"../../../../../Documents/Char/Game/Content/Mesh/newmap2/ALlMap_Wall10_4.uasset" 776
"../../../../../Documents/Char/Game/Content/Mesh/newmap2/ALlMap_Wall11.uasset" 777
"../../../../../Documents/Char/Game/Content/Mesh/newmap2/ALlMap_Wall11_1.uasset" 778
"../../../../../Documents/Char/Game/Content/Mesh/newmap2/ALlMap_Wall11_2.uasset" 779
"../../../../../Documents/Char/Game/Content/Mesh/newmap2/ALlMap_Wall11_3.uasset" 780
"../../../../../Documents/Char/Game/Content/Mesh/newmap2/ALlMap_Wall11_4.uasset" 781
"../../../../../Documents/Char/Game/Content/Mesh/newmap2/ALlMap_Wall12.uasset" 782
"../../../../../Documents/Char/Game/Content/Mesh/newmap2/ALlMap_Wall12_1.uasset" 783
"../../../../../Documents/Char/Game/Content/Mesh/newmap2/ALlMap_Wall12_2.uasset" 784
"../../../../../Documents/Char/Game/Content/Mesh/newmap2/ALlMap_Wall12_3.uasset" 785
"../../../../../Documents/Char/Game/Content/Mesh/newmap2/ALlMap_Wall12_4.uasset" 786
"../../../../../Documents/Char/Game/Content/Mesh/newmap2/ALlMap_Wall13.uasset" 787
"../../../../../Documents/Char/Game/Content/Mesh/newmap2/ALlMap_Wall13_1.uasset" 788
"../../../../../Documents/Char/Game/Content/Mesh/newmap2/ALlMap_Wall13_2.uasset" 789
"../../../../../Documents/Char/Game/Content/Mesh/newmap2/ALlMap_Wall13_3.uasset" 790
"../../../../../Documents/Char/Game/Content/Mesh/newmap2/ALlMap_Wall13_4.uasset" 791
"../../../../../Documents/Char/Game/Content/Mesh/newmap2/ALlMap_Wall1_1.uasset" 792
"../../../../../Documents/Char/Game/Content/Mesh/newmap2/ALlMap_Wall1_2.uasset" 793
"../../../../../Documents/Char/Game/Content/Mesh/newmap2/ALlMap_Wall1_3.uasset" 794
"../../../../../Documents/Char/Game/Content/Mesh/newmap2/ALlMap_Wall1_4.uasset" 795
"../../../../../Documents/Char/Game/Content/Mesh/newmap2/ALlMap_Wall2.uasset" 796
"../../../../../Documents/Char/Game/Content/Mesh/newmap2/ALlMap_Wall2_1.uasset" 797
"../../../../../Documents/Char/Game/Content/Mesh/newmap2/ALlMap_Wall2_2.uasset" 798
"../../../../../Documents/Char/Game/Content/Mesh/newmap2/ALlMap_Wall2_3.uasset" 799
"../../../../../Documents/Char/Game/Content/Mesh/newmap2/ALlMap_Wall2_4.uasset" 800
"../../../../../Documents/Char/Game/Content/Mesh/newmap2/ALlMap_Wall3.uasset" 801
"../../../../../Documents/Char/Game/Content/Mesh/newmap2/ALlMap_Wall3_1.uasset" 802
"../../../../../Documents/Char/Game/Content/Mesh/newmap2/ALlMap_Wall3_2.uasset" 803
"../../../../../Documents/Char/Game/Content/Mesh/newmap2/ALlMap_Wall3_3.uasset" 804
"../../../../../Documents/Char/Game/Content/Mesh/newmap2/ALlMap_Wall3_4.uasset" 805
"../../../../../Documents/Char/Game/Content/Mesh/newmap2/ALlMap_Wall4.uasset" 806
"../../../../../Documents/Char/Game/Content/Mesh/newmap2/ALlMap_Wall4_1.uasset" 807
"../../../../../Documents/Char/Game/Content/Mesh/newmap2/ALlMap_Wall4_2.uasset" 808
"../../../../../Documents/Char/Game/Content/Mesh/newmap2/ALlMap_Wall4_3.uasset" 809
"../../../../../Documents/Char/Game/Content/Mesh/newmap2/ALlMap_Wall4_4.uasset" 810
"../../../../../Documents/Char/Game/Content/Mesh/newmap2/ALlMap_Wall5.uasset" 811
"../../../../../Documents/Char/Game/Content/Mesh/newmap2/ALlMap_Wall5_1.uasset" 812
"../../../../../Documents/Char/Game/Content/Mesh/newmap2/ALlMap_Wall5_2.uasset" 813
"../../../../../Documents/Char/Game/Content/Mesh/newmap2/ALlMap_Wall5_3.uasset" 814
"../../../../../Documents/Char/Game/Content/Mesh/newmap2/ALlMap_Wall5_4.uasset" 815
"../../../../../Documents/Char/Game/Content/Mesh/newmap2/ALlMap_Wall6.uasset" 816
"../../../../../Documents/Char/Game/Content/Mesh/newmap2/ALlMap_Wall6_1.uasset" 817
"../../../../../Documents/Char/Game/Content/Mesh/newmap2/ALlMap_Wall6_2.uasset" 818
"../../../../../Documents/Char/Game/Content/Mesh/newmap2/ALlMap_Wall6_3.uasset" 819
"../../../../../Documents/Char/Game/Content/Mesh/newmap2/ALlMap_Wall6_4.uasset" 820
"../../../../../Documents/Char/Game/Content/Mesh/newmap2/ALlMap_Wall7.uasset" 821
"../../../../../Documents/Char/Game/Content/Mesh/newmap2/ALlMap_Wall7_1.uasset" 822
"../../../../../Documents/Char/Game/Content/Mesh/newmap2/ALlMap_Wall7_2.uasset" 823
"../../../../../Documents/Char/Game/Content/Mesh/newmap2/ALlMap_Wall7_3.uasset" 824
"../../../../../Documents/Char/Game/Content/Mesh/newmap2/ALlMap_Wall7_4.uasset" 825
"../../../../../Documents/Char/Game/Content/Mesh/newmap2/ALlMap_Wall8.uasset" 826
"../../../../../Documents/Char/Game/Content/Mesh/newmap2/ALlMap_Wall8_1.uasset" 827
"../../../../../Documents/Char/Game/Content/Mesh/newmap2/ALlMap_Wall8_2.uasset" 828
"../../../../../Documents/Char/Game/Content/Mesh/newmap2/ALlMap_Wall8_3.uasset" 829
"../../../../../Documents/Char/Game/Content/Mesh/newmap2/ALlMap_Wall8_4.uasset" 830
"../../../../../Documents/Char/Game/Content/Mesh/newmap2/ALlMap_Wall9.uasset" 831
"../../../../../Documents/Char/Game/Content/Mesh/newmap2/ALlMap_Wall9_1.uasset" 832
"../../../../../Documents/Char/Game/Content/Mesh/newmap2/ALlMap_Wall9_2.uasset" 833
"../../../../../Documents/Char/Game/Content/Mesh/newmap2/ALlMap_Wall9_3.uasset" 834
"../../../../../Documents/Char/Game/Content/Mesh/newmap2/ALlMap_Wall9_4.uasset" 835
"../../../../../Documents/Char/Game/Content/Mesh/newmap2/ALlMap_Wall_1.uasset" 836
"../../../../../Documents/Char/Game/Content/Mesh/newmap2/ALlMap_Wall_2.uasset" 837
"../../../../../Documents/Char/Game/Content/Mesh/newmap2/ALlMap_Wall_3.uasset" 838
"../../../../../Documents/Char/Game/Content/Mesh/newmap2/ALlMap_Wall_4.uasset" 839
"../../../../../Documents/Char/Game/Content/Music/SE/caster.uasset" 840
"../../../../../Documents/Char/Game/Content/Music/SE/caster_Cue.uasset" 841
"../../../../../Documents/Char/Game/Content/ThirdPerson/Meshes/RampMaterial.uasset" 842
"../../../../../Documents/Char/Game/Content/ThirdPerson/Meshes/Bump_StaticMesh.uasset" 843
"../../../../../Documents/Char/Game/Content/ThirdPerson/Meshes/LeftArm_StaticMesh.uasset" 844
"../../../../../Documents/Char/Game/Content/ThirdPerson/Meshes/Linear_Stair_StaticMesh.uasset" 845
"../../../../../Documents/Char/Game/Content/ThirdPerson/Meshes/Ramp_StaticMesh.uasset" 846
"../../../../../Documents/Char/Game/Content/ThirdPerson/Meshes/RightArm_StaticMesh.uasset" 847
"../../../Engine/Content/Animation/DefaultAnimCurveCompressionSettings.uasset" 848
"../../../Engine/Content/Functions/Engine_MaterialFunctions01/Opacity/CameraDepthFade.uasset" 849
"../../../Engine/Content/EngineMaterials/T_Default_Material_Grid_M.uasset" 850
"../../../Engine/Content/EngineMaterials/T_Default_Material_Grid_N.uasset" 851
"../../../Engine/Content/EngineMaterials/WorldGridMaterial.uasset" 852
"../../../Engine/Content/ArtTools/RenderToTexture/Meshes/S_1_Unit_Plane.uasset" 853
"../../../Engine/Content/EngineMaterials/DefaultMaterial.uasset" 854
"../../../Engine/Content/BasicShapes/Cone.uasset" 855
"../../../Engine/Content/BasicShapes/Cube.uasset" 856
"../../../Engine/Content/BasicShapes/Cylinder.uasset" 857
"../../../Engine/Content/BasicShapes/Plane.uasset" 858
"../../../Engine/Content/BasicShapes/Sphere.uasset" 859
"../../../Engine/Content/EditorLandscapeResources/DataLayer.uasset" 860
"../../../Engine/Content/EditorMaterials/MAT_Groups_Toggle.uasset" 861
"../../../Engine/Content/EditorMaterials/MAT_Groups_Visibility.uasset" 862
"../../../Engine/Content/EditorMaterials/PreviewShadowIndicator.uasset" 863
"../../../Engine/Content/EditorMaterials/PreviewShadowIndicatorMaterial.uasset" 864
"../../../Engine/Content/EditorMaterials/MatineeGroups/MAT_ColorTrack.uasset" 865
"../../../Engine/Content/EditorMaterials/MatineeGroups/MAT_Groups_Anim.uasset" 866
"../../../Engine/Content/EditorMaterials/MatineeGroups/MAT_Groups_AudioMaster.uasset" 867
"../../../Engine/Content/EditorMaterials/MatineeGroups/MAT_Groups_Director.uasset" 868
"../../../Engine/Content/EditorMaterials/MatineeGroups/MAT_Groups_Event.uasset" 869
"../../../Engine/Content/EditorMaterials/MatineeGroups/MAT_Groups_Fade.uasset" 870
"../../../Engine/Content/EditorMaterials/MatineeGroups/MAT_Groups_Float.uasset" 871
"../../../Engine/Content/EditorMaterials/MatineeGroups/MAT_Groups_Move.uasset" 872
"../../../Engine/Content/EditorMaterials/MatineeGroups/MAT_Groups_Slomo.uasset" 873
"../../../Engine/Content/EditorMaterials/MatineeGroups/MAT_Groups_Sound.uasset" 874
"../../../Engine/Content/EditorMaterials/MatineeGroups/MAT_Groups_Vector.uasset" 875
"../../../Engine/Content/EditorMaterials/ParticleSystems/PSysThumbnail_NoImage.uasset" 876
"../../../Engine/Content/EditorMaterials/ParticleSystems/PSysThumbnail_OOD.uasset" 877
"../../../Engine/Content/EditorMaterials/Camera/CineMat.uasset" 878
"../../../Engine/Content/EditorMaterials/Camera/MI_CineMat_Rig.uasset" 879
"../../../Engine/Content/EditorMeshes/Camera/SM_CraneRig_Arm.uasset" 880
"../../../Engine/Content/EditorMeshes/Camera/SM_CraneRig_Base.uasset" 881
"../../../Engine/Content/EditorMeshes/Camera/SM_CraneRig_Body.uasset" 882
"../../../Engine/Content/EditorMeshes/Camera/SM_CraneRig_Mount.uasset" 883
"../../../Engine/Content/EditorMeshes/Camera/SM_RailRig_Mount.uasset" 884
"../../../Engine/Content/EditorMeshes/Camera/SM_RailRig_Track.uasset" 885
"../../../Engine/Content/EditorResources/BSPVertex.uasset" 886
"../../../Engine/Content/EditorResources/EmptyActor.uasset" 887
"../../../Engine/Content/EditorResources/S_Actor.uasset" 888
"../../../Engine/Content/EditorResources/S_Note.uasset" 889
"../../../Engine/Content/EditorResources/S_Solver.uasset" 890
"../../../Engine/Content/EditorResources/S_Trigger.uasset" 891
"../../../Engine/Content/EditorResources/AudioIcons/S_AudioComponent_AutoActivate.uasset" 892
"../../../Engine/Content/EditorResources/LightIcons/S_LightError.uasset" 893
"../../../Engine/Content/EditorResources/SequenceRecorder/Countdown.uasset" 894
"../../../Engine/Content/EditorResources/SequenceRecorder/RecordingIndicator.uasset" 895
"../../../Engine/Content/EditorSounds/Notifications/CompileFailed.uasset" 896
"../../../Engine/Content/EditorSounds/Notifications/CompileFailed_Cue.uasset" 897
"../../../Engine/Content/EditorSounds/Notifications/CompileSuccess.uasset" 898
"../../../Engine/Content/EditorSounds/Notifications/CompileStart_Cue.uasset" 899
"../../../Engine/Content/EditorSounds/Notifications/CompileSuccess_Cue.uasset" 900
"../../../Engine/Content/EngineDamageTypes/DmgTypeBP_Environmental.uasset" 901
"../../../Engine/Content/EngineDebugMaterials/DebugEditorMaterial.uasset" 902
"../../../Engine/Content/EngineDebugMaterials/DebugMeshMaterial.uasset" 903
"../../../Engine/Content/EngineDebugMaterials/M_SimpleTranslucent.uasset" 904
"../../../Engine/Content/Functions/Engine_MaterialFunctions02/Utility/CameraDirectionVector.uasset" 905
"../../../Engine/Content/EngineDebugMaterials/VolumeToRender.uasset" 906
"../../../Engine/Content/EngineDebugMaterials/M_VolumeRenderSphereTracePP.uasset" 907
"../../../Engine/Content/EngineDebugMaterials/WireframeMaterial.uasset" 908
"../../../Engine/Content/EngineFonts/Faces/DroidSansFallback.uasset" 909
"../../../Engine/Content/EngineFonts/Faces/RobotoBold.uasset" 910
"../../../Engine/Content/EngineFonts/Faces/RobotoBoldItalic.uasset" 911
"../../../Engine/Content/EngineFonts/Faces/RobotoItalic.uasset" 912
"../../../Engine/Content/EngineFonts/Faces/RobotoLight.uasset" 913
"../../../Engine/Content/EngineFonts/Faces/RobotoRegular.uasset" 914
"../../../Engine/Content/EngineFonts/Roboto.uasset" 915
"../../../Engine/Content/EngineMaterials/BaseFlattenDiffuseMap.uasset" 916
"../../../Engine/Content/EngineMaterials/BaseFlattenEmissiveMap.uasset" 917
"../../../Engine/Content/EngineMaterials/BaseFlattenGrayscaleMap.uasset" 918
"../../../Engine/Content/EngineMaterials/BaseFlattenNormalMap.uasset" 919
"../../../Engine/Content/EngineMaterials/BaseFlattenMaterial.uasset" 920
"../../../Engine/Content/EngineMaterials/BlueNoise.uasset" 921
"../../../Engine/Content/EngineMaterials/DefaultBloomKernel.uasset" 922
"../../../Engine/Content/EngineMaterials/DefaultBokeh.uasset" 923
"../../../Engine/Content/EngineMaterials/DefaultDiffuse.uasset" 924
"../../../Engine/Content/EngineMaterials/DefaultDeferredDecalMaterial.uasset" 925
"../../../Engine/Content/EngineMaterials/DefaultLightFunctionMaterial.uasset" 926
"../../../Engine/Content/EngineMaterials/DefaultPhysicalMaterial.uasset" 927
"../../../Engine/Content/Functions/Engine_MaterialFunctions02/Utility/BreakOutFloat2Components.uasset" 928
"../../../Engine/Content/EngineMaterials/DefaultPostProcessMaterial.uasset" 929
"../../../Engine/Content/EngineFonts/RobotoDistanceField.uasset" 930
"../../../Engine/Content/EngineMaterials/DefaultTextMaterialOpaque.uasset" 931
"../../../Engine/Content/EngineMaterials/DefaultVirtualTextureMaterial.uasset" 932
"../../../Engine/Content/EngineMaterials/DefaultWhiteGrid.uasset" 933
"../../../Engine/Content/EngineMaterials/DefaultWhiteGrid_Low.uasset" 934
"../../../Engine/Content/EngineMaterials/EmissiveMeshMaterial.uasset" 935
"../../../Engine/Content/EngineMaterials/GizmoMaterial.uasset" 936
"../../../Engine/Content/EngineMaterials/Good64x64TilingNoiseHighFreq.uasset" 937
"../../../Engine/Content/EngineMaterials/HairDefaultMaterial.uasset" 938
"../../../Engine/Content/EngineMaterials/MiniFont.uasset" 939
"../../../Engine/Content/EngineMaterials/InvalidLightmapSettings.uasset" 940
"../../../Engine/Content/EngineMaterials/M_InvalidLightmapSettings.uasset" 941
"../../../Engine/Content/Functions/Engine_MaterialFunctions02/WorldPositionOffset/CameraOffset.uasset" 942
"../../../Engine/Content/EngineMaterials/PhAT_JointLimitMaterial.uasset" 943
"../../../Engine/Content/EngineMaterials/PreintegratedSkinBRDF.uasset" 944
"../../../Engine/Content/EngineMaterials/RemoveSurfaceMaterial.uasset" 945
"../../../Engine/Content/EngineMaterials/WeightMapPlaceholderTexture.uasset" 946
"../../../Engine/Content/EngineResources/WhiteSquareTexture.uasset" 947
"../../../Engine/Content/EngineMaterials/Widget3DPassThrough.uasset" 948
"../../../Engine/Content/EngineMaterials/Widget3DPassThrough_Masked.uasset" 949
"../../../Engine/Content/EngineMaterials/Widget3DPassThrough_Opaque.uasset" 950
"../../../Engine/Content/EngineMaterials/Widget3DPassThrough_Masked_OneSided.uasset" 951
"../../../Engine/Content/EngineMaterials/Widget3DPassThrough_Opaque_OneSided.uasset" 952
"../../../Engine/Content/EngineMaterials/Widget3DPassThrough_Translucent.uasset" 953
"../../../Engine/Content/EngineMaterials/Widget3DPassThrough_Translucent_OneSided.uasset" 954
"../../../Engine/Content/EngineMeshes/Cylinder.uasset" 955
"../../../Engine/Content/EngineMeshes/Sphere.uasset" 956
"../../../Engine/Content/EngineResources/Black.uasset" 957
"../../../Engine/Content/EngineResources/DefaultTexture.uasset" 958
"../../../Engine/Content/EngineResources/DefaultTextureCube.uasset" 959
"../../../Engine/Content/EngineResources/DefaultVolumeTexture2D.uasset" 960
"../../../Engine/Content/EngineResources/DefaultVolumeTexture.uasset" 961
"../../../Engine/Content/EngineResources/GradientTexture0.uasset" 962
"../../../Engine/Content/EngineSounds/Master.uasset" 963
"../../../Engine/Content/Functions/Engine_MaterialFunctions01/Shading/ConvertFromDiffSpec.uasset" 964
"../../../Engine/Content/Functions/Engine_MaterialFunctions01/Shading/PowerToRoughness.uasset" 965
"../../../Engine/Content/Maps/Templates/Thumbnails/Default.uasset" 966
"../../../Engine/Content/Maps/Templates/Thumbnails/TimeOfDay.uasset" 967
"../../../Engine/Content/Maps/Templates/Thumbnails/VR-Basic.uasset" 968
"../../../Engine/Content/MobileResources/T_MobileControls_texture.uasset" 969
"../../../Engine/Content/MobileResources/T_MobileMenu2.uasset" 970
"../../../Engine/Content/MobileResources/HUD/AnalogHat.uasset" 971
"../../../Engine/Content/MobileResources/HUD/VirtualJoystick_Background.uasset" 972
"../../../Engine/Content/MobileResources/HUD/VirtualJoystick_Thumb.uasset" 973
"../../../Engine/Content/MobileResources/HUD/DefaultVirtualJoysticks.uasset" 974
"../../../Engine/Content/MobileResources/HUD/LeftVirtualJoystickOnly.uasset" 975
"../../../Engine/Content/MobileResources/HUD/MobileHUDButton1_off.uasset" 976
"../../../Engine/Content/MobileResources/HUD/MobileHUDButton1_on.uasset" 977
"../../../Engine/Content/MobileResources/HUD/MobileHUDButton2_off.uasset" 978
"../../../Engine/Content/MobileResources/HUD/MobileHUDButton2_on.uasset" 979
"../../../Engine/Content/MobileResources/HUD/MobileHUDButton3.uasset" 980
"../../../Engine/Content/MobileResources/HUD/MobileHUDButtonFire.uasset" 981
"../../../Engine/Content/MobileResources/HUD/MobileHUDDirectionPad.uasset" 982
"../../../Engine/Content/MobileResources/HUD/MobileHUDDirectionPad2.uasset" 983
"../../../Engine/Content/MobileResources/HUD/MobileHUDDirectionPad3.uasset" 984
"../../../Engine/Content/MobileResources/HUD/MobileHUDDirectionStick.uasset" 985
"../../../Engine/Content/MobileResources/HUD/T_Castle_ThumbstickInner.uasset" 986
"../../../Engine/Content/MobileResources/HUD/T_Castle_ThumbstickOutter.uasset" 987
"../../../Engine/Content/Tutorial/ContentIntroCurve.uasset" 988
"../../../Engine/Content/Tutorial/Basics/LevelEditorAttract.uasset" 989
"../../../Engine/Content/VREditor/LaserPointer/VR_LaserPower_01.uasset" 990
"../../../Engine/Content/VREditor/TransformGizmo/TransformGizmoMaterial.uasset" 991
"../../../Engine/Content/VREditor/TransformGizmo/TranslucentTransformGizmoMaterial.uasset" 992
"../../../Engine/Content/VREditor/TransformGizmo/BoundingBoxCorner.uasset" 993
"../../../Engine/Content/VREditor/TransformGizmo/BoundingBoxEdge.uasset" 994
"../../../Engine/Content/VREditor/TransformGizmo/PlaneTranslationHandle.uasset" 995
"../../../Engine/Content/VREditor/TransformGizmo/Main.uasset" 996
"../../../Engine/Content/VREditor/TransformGizmo/Xray.uasset" 997
"../../../Engine/Content/VREditor/TransformGizmo/SM_Sequencer_Key.uasset" 998
"../../../Engine/Content/VREditor/TransformGizmo/SM_Sequencer_Node.uasset" 999
"../../Plugins/2D/Paper2D/Content/PlaceholderTextures/DummySpriteTexture.uasset" 1000
"../../Plugins/2D/Paper2D/Content/DummySprite.uasset" 1001
"../../Plugins/2D/Paper2D/Content/DefaultPaperTerrainMaterial.uasset" 1002
"../../Plugins/2D/Paper2D/Content/DummySpriteTexture.uasset" 1003
"../../Plugins/2D/Paper2D/Content/DefaultSpriteMaterial.uasset" 1004
"../../Plugins/2D/Paper2D/Content/MaskedUnlitSpriteMaterial.uasset" 1005
"../../Plugins/2D/Paper2D/Content/OpaqueUnlitSpriteMaterial.uasset" 1006
"../../../Engine/Content/Functions/Engine_MaterialFunctions02/Utility/BreakOutFloat4Components.uasset" 1007
"../../../Engine/Content/Functions/Engine_MaterialFunctions02/Utility/MakeFloat2.uasset" 1008
"../../../Engine/Content/Functions/Engine_MaterialFunctions02/Utility/MakeFloat3.uasset" 1009
"../../Plugins/Runtime/Oculus/OculusVR/Content/Materials/OculusMR_ChromaKey.uasset" 1010
"../../Plugins/Runtime/Oculus/OculusVR/Content/Materials/OculusMR_ChromaKey_Lit.uasset" 1011
"../../Plugins/Runtime/Oculus/OculusVR/Content/Materials/OculusMR_OpaqueColoredMaterial.uasset" 1012
"../../Plugins/Runtime/Oculus/OculusVR/Content/Materials/OculusMR_WhiteMaterial.uasset" 1013
"../../../../../Documents/Char/Game/Content/BluePrints/ActionEnd_Trigger.uasset" 1014
"../../../../../Documents/Char/Game/Content/Animation/Human_poze2_Skeleton.uasset" 1015
"../../../../../Documents/Char/Game/Content/Animation/Human_poze2_Anim.uasset" 1016
"../../../Engine/Content/EngineMeshes/Cube.uasset" 1017
"../../../../../Documents/Char/Game/Content/Animation/blinn1.uasset" 1018
"../../../../../Documents/Char/Game/Content/Animation/lambert1.uasset" 1019
"../../../../../Documents/Char/Game/Content/Animation/Human_poze2_PhysicsAsset.uasset" 1020
"../../../../../Documents/Char/Game/Content/Animation/Human_poze2.uasset" 1021
"../../../../../Documents/Char/Game/Content/Mesh/Chair/lambert4.uasset" 1022
"../../../../../Documents/Char/Game/Content/Mesh/Chair/lambert6.uasset" 1023
"../../../../../Documents/Char/Game/Content/Mesh/Chair/Chair3.uasset" 1024
"../../../../../Documents/Char/Game/Content/BluePrints/BP_Chair.uasset" 1025
"../../../../../Documents/Char/Game/Content/BluePrints/BP_Player.uasset" 1026
"../../../../../Documents/Char/Game/Content/BluePrints/BP_ChangeSlip.uasset" 1027
"../../../../../Documents/Char/Game/Content/BluePrints/BP_deceleration.uasset" 1028
"../../../Engine/Content/EngineSky/C_Sky_Cloud_Color.uasset" 1029
"../../../Engine/Content/EngineSky/C_Sky_Horizon_Color.uasset" 1030
"../../../Engine/Content/EngineSky/C_Sky_Zenith_Color.uasset" 1031
"../../../Engine/Content/EngineSky/T_Sky_Blue.uasset" 1032
"../../../Engine/Content/EngineSky/T_Sky_Clouds_M.uasset" 1033
"../../../Engine/Content/EngineSky/T_Sky_Stars.uasset" 1034
"../../../Engine/Content/EngineSky/M_Sky_Panning_Clouds2.uasset" 1035
"../../../Engine/Content/EngineSky/SM_SkySphere.uasset" 1036
"../../../Engine/Content/EngineSky/BP_Sky_Sphere.uasset" 1037
"../../../../../Documents/Char/Game/Content/Mesh/Map/House_Center.uasset" 1038
"../../../../../Documents/Char/Game/Content/BluePrints/BP_HouseCenter.uasset" 1039
"../../../../../Documents/Char/Game/Content/BluePrints/BP_ReflectionWall.uasset" 1040
"../../../../../Documents/Char/Game/Content/GameModeBase/ChairGameModebase.uasset" 1041
"../../../../../Documents/Char/Game/Content/Maps/ChairCurling_Pro_BuiltData.uasset" 1042
"../../../../../Documents/Char/Game/Content/Mesh/newmap2/lambert1.uasset" 1043
"../../../../../Documents/Char/Game/Content/Mesh/newmap2/lambert3.uasset" 1044
"../../../../../Documents/Char/Game/Content/Mesh/newmap2/lambert4.uasset" 1045
"../../../../../Documents/Char/Game/Content/Mesh/newmap2/ALlMap_ALL1.uasset" 1046
"../../../../../Documents/Char/Game/Content/Music/BGM/InGame.uasset" 1047
"../../../../../Documents/Char/Game/Content/Music/BGM/InGame_Cue.uasset" 1048
"../../../../../Documents/Char/Game/Content/Maps/ChairCurling_Pro.umap" 1049
"../../../../../Documents/Char/Game/Content/BluePrints/Title_MoveCamera.uasset" 1050
"../../../../../Documents/Char/Game/Content/Maps/Title_BuiltData.uasset" 1051
"../../../../../Documents/Char/Game/Content/Mesh/Chair/Chair2.uasset" 1052
"../../../../../Documents/Char/Game/Content/Mesh/Human/poze6.uasset" 1053
"../../../../../Documents/Char/Game/Content/Music/BGM/Title.uasset" 1054
"../../../../../Documents/Char/Game/Content/Music/BGM/Title_Cue.uasset" 1055
"../../../../../Documents/Char/Game/Content/Music/SE/deside_8.uasset" 1056
"../../../../../Documents/Char/Game/Content/Music/SE/deside_8_Cue.uasset" 1057
"../../../../../Documents/Char/Game/Content/Maps/Title.umap" 1058
"../../../Engine/Content/Maps/Entry_BuiltData.uasset" 1059
"../../../Engine/Content/Maps/Entry.umap" 1060
